\BOOKMARK [0][-]{chapter*.1}{\376\377\144\130\211\201}{}% 1
\BOOKMARK [0][-]{chapter.1}{\376\377\122\066\203\157\210\114\116\032\163\260\162\266}{}% 2
\BOOKMARK [0][-]{chapter.2}{\376\377\117\001\116\032\116\313\176\315}{}% 3
\BOOKMARK [1][-]{section.2.1}{\376\377\123\027\116\254\171\217\121\103\203\157\116\032\147\011\226\120\215\043\116\373\121\154\123\370}{chapter.2}% 4
\BOOKMARK [1][-]{section.2.2}{\376\377\154\137\202\317\121\110\130\360\203\157\116\032\147\011\226\120\121\154\123\370}{chapter.2}% 5
\BOOKMARK [1][-]{section.2.3}{\376\377\116\012\155\167\124\010\121\150\203\157\116\032\200\241\116\375\147\011\226\120\121\154\123\370}{chapter.2}% 6
\BOOKMARK [0][-]{chapter.3}{\376\377\214\003\170\024\142\020\147\234}{}% 7
\BOOKMARK [1][-]{section.3.1}{\376\377\203\157\162\151\170\024\123\321}{chapter.3}% 8
\BOOKMARK [2][-]{subsection.3.1.1}{\376\377\116\377\122\066\203\157}{section.3.1}% 9
\BOOKMARK [2][-]{subsection.3.1.2}{\376\377\201\352\116\073\170\024\123\321}{section.3.1}% 10
\BOOKMARK [1][-]{section.3.2}{\376\377\124\010\117\134}{chapter.3}% 11
\BOOKMARK [2][-]{subsection.3.2.1}{\376\377\116\016\232\330\150\041\142\026\170\024\172\166\142\100}{section.3.2}% 12
\BOOKMARK [2][-]{subsection.3.2.2}{\376\377\116\016\117\001\116\032\124\010\117\134}{section.3.2}% 13
\BOOKMARK [2][-]{subsection.3.2.3}{\376\377\000C\000M\000O\000/\000C\000D\000M\000O}{section.3.2}% 14
\BOOKMARK [1][-]{section.3.3}{\376\377\145\077\173\126}{chapter.3}% 15
\BOOKMARK [2][-]{subsection.3.3.1}{\376\377\164\006\213\272\122\006\147\220}{section.3.3}% 16
\BOOKMARK [2][-]{subsection.3.3.2}{\376\377\133\217\211\302\145\077\173\126}{section.3.3}% 17
\BOOKMARK [2][-]{subsection.3.3.3}{\376\377\122\033\145\260\203\157\166\204\145\057\143\001\145\077\173\126}{section.3.3}% 18
\BOOKMARK [2][-]{subsection.3.3.4}{\376\377\116\377\122\066\203\157\166\204\145\057\143\001\145\077\173\126}{section.3.3}% 19
\BOOKMARK [1][-]{section.3.4}{\376\377\121\166\116\326}{chapter.3}% 20
\BOOKMARK [1][-]{section.3.5}{\376\377\140\073\176\323}{chapter.3}% 21
\BOOKMARK [0][-]{chapter*.7}{\376\377\214\003\170\024\141\037\140\363}{}% 22
\BOOKMARK [0][-]{chapter*.16}{\376\377\226\104\137\125}{}% 23
