\BOOKMARK [1][-]{section*.1}{\376\377\122\066\203\157\210\114\116\032\163\260\162\266}{}% 1
\BOOKMARK [1][-]{section*.6}{\376\377\117\001\116\032\116\313\176\315}{}% 2
\BOOKMARK [2][-]{section*.7}{\376\377\123\027\116\254\171\217\121\103\203\157\116\032\147\011\226\120\215\043\116\373\121\154\123\370}{section*.6}% 3
\BOOKMARK [2][-]{section*.8}{\376\377\154\137\202\317\121\110\130\360\203\157\116\032\147\011\226\120\121\154\123\370}{section*.6}% 4
\BOOKMARK [2][-]{section*.9}{\376\377\116\012\155\167\124\010\121\150\203\157\116\032\200\241\116\375\147\011\226\120\121\154\123\370}{section*.6}% 5
\BOOKMARK [1][-]{section*.10}{\376\377\214\003\170\024\142\020\147\234}{}% 6
\BOOKMARK [2][-]{section*.11}{\376\377\203\157\162\151\170\024\123\321}{section*.10}% 7
\BOOKMARK [3][-]{section*.12}{\376\377\116\377\122\066\203\157}{section*.11}% 8
\BOOKMARK [3][-]{section*.13}{\376\377\201\352\116\073\170\024\123\321}{section*.11}% 9
\BOOKMARK [2][-]{section*.15}{\376\377\124\010\117\134}{section*.10}% 10
\BOOKMARK [3][-]{section*.16}{\376\377\116\016\232\330\150\041\142\026\170\024\172\166\142\100}{section*.15}% 11
\BOOKMARK [3][-]{section*.17}{\376\377\116\016\117\001\116\032\124\010\117\134}{section*.15}% 12
\BOOKMARK [3][-]{section*.18}{\376\377\000C\000M\000O\000/\000C\000D\000M\000O}{section*.15}% 13
\BOOKMARK [2][-]{section*.20}{\376\377\145\077\173\126}{section*.10}% 14
\BOOKMARK [3][-]{section*.21}{\376\377\164\006\213\272\122\006\147\220}{section*.20}% 15
\BOOKMARK [3][-]{section*.29}{\376\377\133\217\211\302\145\077\173\126}{section*.20}% 16
\BOOKMARK [3][-]{section*.30}{\376\377\122\033\145\260\203\157\166\204\145\057\143\001\145\077\173\126}{section*.20}% 17
\BOOKMARK [3][-]{section*.31}{\376\377\116\377\122\066\203\157\166\204\145\057\143\001\145\077\173\126}{section*.20}% 18
\BOOKMARK [2][-]{section*.32}{\376\377\121\166\116\326}{section*.10}% 19
\BOOKMARK [2][-]{section*.33}{\376\377\140\073\176\323}{section*.10}% 20
\BOOKMARK [1][-]{section*.34}{\376\377\000R\000e\000f\000e\000r\000e\000n\000c\000e\000s}{}% 21
