This is XeTeX, Version 3.14159265-2.6-0.99999 (TeX Live 2018/W32TeX) (preloaded format=xelatex 2019.1.27)  28 AUG 2019 14:01
entering extended mode
 restricted \write18 enabled.
 %&-line parsing enabled.
**printable.tex
(./printable.tex
LaTeX2e <2018-12-01>

(d:/Program Files/texlive2018/texlive/2018/texmf-dist/tex/latex/ctex/ctexbook.c
ls
(d:/Program Files/texlive2018/texlive/2018/texmf-dist/tex/latex/l3kernel/expl3.
sty
Package: expl3 2019-02-15 L3 programming layer (loader) 

(d:/Program Files/texlive2018/texlive/2018/texmf-dist/tex/latex/l3kernel/expl3-
code.tex
Package: expl3 2019-02-15 L3 programming layer (code)
\c_max_int=\count80
\l_tmpa_int=\count81
\l_tmpb_int=\count82
\g_tmpa_int=\count83
\g_tmpb_int=\count84
\g__kernel_prg_map_int=\count85
\c_log_iow=\count86
\l_iow_line_count_int=\count87
\l__iow_line_target_int=\count88
\l__iow_one_indent_int=\count89
\l__iow_indent_int=\count90
\c_zero_dim=\dimen102
\c_max_dim=\dimen103
\l_tmpa_dim=\dimen104
\l_tmpb_dim=\dimen105
\g_tmpa_dim=\dimen106
\g_tmpb_dim=\dimen107
\c_zero_skip=\skip41
\c_max_skip=\skip42
\l_tmpa_skip=\skip43
\l_tmpb_skip=\skip44
\g_tmpa_skip=\skip45
\g_tmpb_skip=\skip46
\c_zero_muskip=\muskip10
\c_max_muskip=\muskip11
\l_tmpa_muskip=\muskip12
\l_tmpb_muskip=\muskip13
\g_tmpa_muskip=\muskip14
\g_tmpb_muskip=\muskip15
\l_keys_choice_int=\count91
\l__intarray_loop_int=\count92
\c__intarray_sp_dim=\dimen108
\g__intarray_font_int=\count93
\c__fp_leading_shift_int=\count94
\c__fp_middle_shift_int=\count95
\c__fp_trailing_shift_int=\count96
\c__fp_big_leading_shift_int=\count97
\c__fp_big_middle_shift_int=\count98
\c__fp_big_trailing_shift_int=\count99
\c__fp_Bigg_leading_shift_int=\count100
\c__fp_Bigg_middle_shift_int=\count101
\c__fp_Bigg_trailing_shift_int=\count102
\g__fp_array_int=\count103
\l__fp_array_loop_int=\count104
\l__sort_length_int=\count105
\l__sort_min_int=\count106
\l__sort_top_int=\count107
\l__sort_max_int=\count108
\l__sort_true_max_int=\count109
\l__sort_block_int=\count110
\l__sort_begin_int=\count111
\l__sort_end_int=\count112
\l__sort_A_int=\count113
\l__sort_B_int=\count114
\l__sort_C_int=\count115
\l__tl_analysis_normal_int=\count116
\l__tl_analysis_index_int=\count117
\l__tl_analysis_nesting_int=\count118
\l__tl_analysis_type_int=\count119
\l__regex_internal_a_int=\count120
\l__regex_internal_b_int=\count121
\l__regex_internal_c_int=\count122
\l__regex_balance_int=\count123
\l__regex_group_level_int=\count124
\l__regex_mode_int=\count125
\c__regex_cs_in_class_mode_int=\count126
\c__regex_cs_mode_int=\count127
\l__regex_catcodes_int=\count128
\l__regex_default_catcodes_int=\count129
\c__regex_catcode_L_int=\count130
\c__regex_catcode_O_int=\count131
\c__regex_catcode_A_int=\count132
\c__regex_all_catcodes_int=\count133
\l__regex_show_lines_int=\count134
\l__regex_min_state_int=\count135
\l__regex_max_state_int=\count136
\l__regex_left_state_int=\count137
\l__regex_right_state_int=\count138
\l__regex_capturing_group_int=\count139
\l__regex_min_pos_int=\count140
\l__regex_max_pos_int=\count141
\l__regex_curr_pos_int=\count142
\l__regex_start_pos_int=\count143
\l__regex_success_pos_int=\count144
\l__regex_curr_char_int=\count145
\l__regex_curr_catcode_int=\count146
\l__regex_last_char_int=\count147
\l__regex_case_changed_char_int=\count148
\l__regex_curr_state_int=\count149
\l__regex_step_int=\count150
\l__regex_min_active_int=\count151
\l__regex_max_active_int=\count152
\l__regex_replacement_csnames_int=\count153
\l__regex_match_count_int=\count154
\l__regex_min_submatch_int=\count155
\l__regex_submatch_int=\count156
\l__regex_zeroth_submatch_int=\count157
\g__regex_trace_regex_int=\count158
\c_empty_box=\box27
\l_tmpa_box=\box28
\l_tmpb_box=\box29
\g_tmpa_box=\box30
\g_tmpb_box=\box31
\l__box_top_dim=\dimen109
\l__box_bottom_dim=\dimen110
\l__box_left_dim=\dimen111
\l__box_right_dim=\dimen112
\l__box_top_new_dim=\dimen113
\l__box_bottom_new_dim=\dimen114
\l__box_left_new_dim=\dimen115
\l__box_right_new_dim=\dimen116
\l__box_internal_box=\box32
\l__coffin_internal_box=\box33
\l__coffin_internal_dim=\dimen117
\l__coffin_offset_x_dim=\dimen118
\l__coffin_offset_y_dim=\dimen119
\l__coffin_x_dim=\dimen120
\l__coffin_y_dim=\dimen121
\l__coffin_x_prime_dim=\dimen122
\l__coffin_y_prime_dim=\dimen123
\c_empty_coffin=\box34
\l__coffin_aligned_coffin=\box35
\l__coffin_aligned_internal_coffin=\box36
\l_tmpa_coffin=\box37
\l_tmpb_coffin=\box38
\g_tmpa_coffin=\box39
\g_tmpb_coffin=\box40
\c__coffin_empty_coffin=\box41
\l__coffin_display_coffin=\box42
\l__coffin_display_coord_coffin=\box43
\l__coffin_display_pole_coffin=\box44
\l__coffin_display_offset_dim=\dimen124
\l__coffin_display_x_dim=\dimen125
\l__coffin_display_y_dim=\dimen126
\g__file_internal_ior=\read1
\l__coffin_bounding_shift_dim=\dimen127
\l__coffin_left_corner_dim=\dimen128
\l__coffin_right_corner_dim=\dimen129
\l__coffin_bottom_corner_dim=\dimen130
\l__coffin_top_corner_dim=\dimen131
\l__coffin_scaled_total_height_dim=\dimen132
\l__coffin_scaled_width_dim=\dimen133
)
(d:/Program Files/texlive2018/texlive/2018/texmf-dist/tex/latex/l3kernel/l3xdvi
pdfmx.def
File: l3xdvipdfmx.def 2019-02-15 v L3 Experimental driver: xdvipdfmx
\g__driver_image_int=\count159
\g__driver_pdf_object_int=\count160
))
Document Class: ctexbook 2018/05/02 v2.4.14 Chinese adapter for class book (CTE
X)

(d:/Program Files/texlive2018/texlive/2018/texmf-dist/tex/latex/l3packages/xpar
se/xparse.sty
Package: xparse 2018-10-17 L3 Experimental document command parser
\l__xparse_current_arg_int=\count161
\g__xparse_grabber_int=\count162
\l__xparse_m_args_int=\count163
\l__xparse_mandatory_args_int=\count164
\l__xparse_v_nesting_int=\count165
)
(d:/Program Files/texlive2018/texlive/2018/texmf-dist/tex/latex/l3packages/l3ke
ys2e/l3keys2e.sty
Package: l3keys2e 2018-10-17 LaTeX2e option processing using LaTeX3 keys
)
(d:/Program Files/texlive2018/texlive/2018/texmf-dist/tex/latex/ctex/ctexhook.s
ty
Package: ctexhook 2018/05/02 v2.4.14 Document and package hooks (CTEX)
)
(d:/Program Files/texlive2018/texlive/2018/texmf-dist/tex/latex/ctex/ctexpatch.
sty
Package: ctexpatch 2018/05/02 v2.4.14 Patching commands (CTEX)
)
(d:/Program Files/texlive2018/texlive/2018/texmf-dist/tex/latex/base/fix-cm.sty
Package: fix-cm 2015/01/14 v1.1t fixes to LaTeX

(d:/Program Files/texlive2018/texlive/2018/texmf-dist/tex/latex/base/ts1enc.def
File: ts1enc.def 2001/06/05 v3.0e (jk/car/fm) Standard LaTeX file
))
(d:/Program Files/texlive2018/texlive/2018/texmf-dist/tex/latex/ms/everysel.sty
Package: everysel 2011/10/28 v1.2 EverySelectfont Package (MS)
)
\l__ctex_tmp_int=\count166
\l__ctex_tmp_box=\box45
\l__ctex_tmp_dim=\dimen134
\g__ctex_font_size_flag=\count167

(d:/Program Files/texlive2018/texlive/2018/texmf-dist/tex/latex/ctex/config/cte
xopts.cfg
File: ctexopts.cfg 2018/05/02 v2.4.14 Option configuration file (CTEX)
)
(d:/Program Files/texlive2018/texlive/2018/texmf-dist/tex/latex/base/book.cls
Document Class: book 2018/09/03 v1.4i Standard LaTeX document class
(d:/Program Files/texlive2018/texlive/2018/texmf-dist/tex/latex/base/bk10.clo
File: bk10.clo 2018/09/03 v1.4i Standard LaTeX file (size option)
)
\c@part=\count168
\c@chapter=\count169
\c@section=\count170
\c@subsection=\count171
\c@subsubsection=\count172
\c@paragraph=\count173
\c@subparagraph=\count174
\c@figure=\count175
\c@table=\count176
\abovecaptionskip=\skip47
\belowcaptionskip=\skip48
\bibindent=\dimen135
)
(d:/Program Files/texlive2018/texlive/2018/texmf-dist/tex/latex/ctex/engine/cte
x-engine-xetex.def
File: ctex-engine-xetex.def 2018/05/02 v2.4.14 XeLaTeX adapter (CTEX)

(d:/Program Files/texlive2018/texlive/2018/texmf-dist/tex/xelatex/xecjk/xeCJK.s
ty
Package: xeCJK 2018/04/30 v3.7.1 Typesetting CJK scripts with XeLaTeX

(d:/Program Files/texlive2018/texlive/2018/texmf-dist/tex/latex/l3packages/xtem
plate/xtemplate.sty
Package: xtemplate 2018-10-17 L3 Experimental prototype document functions
\l__xtemplate_tmp_dim=\dimen136
\l__xtemplate_tmp_int=\count177
\l__xtemplate_tmp_muskip=\muskip16
\l__xtemplate_tmp_skip=\skip49
)
\l__xeCJK_tmp_int=\count178
\l__xeCJK_tmp_box=\box46
\l__xeCJK_tmp_dim=\dimen137
\l__xeCJK_tmp_skip=\skip50
\g__xeCJK_space_factor_int=\count179
\l__xeCJK_begin_int=\count180
\l__xeCJK_end_int=\count181
\c__xeCJK_CJK_class_int=\XeTeXcharclass1
\c__xeCJK_FullLeft_class_int=\XeTeXcharclass2
\c__xeCJK_FullRight_class_int=\XeTeXcharclass3
\c__xeCJK_HalfLeft_class_int=\XeTeXcharclass4
\c__xeCJK_HalfRight_class_int=\XeTeXcharclass5
\c__xeCJK_NormalSpace_class_int=\XeTeXcharclass6
\c__xeCJK_CM_class_int=\XeTeXcharclass7
\c__xeCJK_HangulJamo_class_int=\XeTeXcharclass8
\l__xeCJK_last_skip=\skip51
\g__xeCJK_node_int=\count182
\c__xeCJK_CJK_node_dim=\dimen138
\c__xeCJK_CJK-space_node_dim=\dimen139
\c__xeCJK_default_node_dim=\dimen140
\c__xeCJK_default-space_node_dim=\dimen141
\c__xeCJK_CJK-widow_node_dim=\dimen142
\c__xeCJK_normalspace_node_dim=\dimen143
\l__xeCJK_ccglue_skip=\skip52
\l__xeCJK_ecglue_skip=\skip53
\l__xeCJK_punct_kern_skip=\skip54
\l__xeCJK_last_penalty_int=\count183
\l__xeCJK_last_bound_dim=\dimen144
\l__xeCJK_last_kern_dim=\dimen145
\l__xeCJK_widow_penalty_int=\count184

Package xtemplate Info: Declaring object type 'xeCJK/punctuation' taking 0
(xtemplate)             argument(s) on line 2362.

\l__xeCJK_fixed_punct_width_dim=\dimen146
\l__xeCJK_mixed_punct_width_dim=\dimen147
\l__xeCJK_middle_punct_width_dim=\dimen148
\l__xeCJK_fixed_margin_width_dim=\dimen149
\l__xeCJK_mixed_margin_width_dim=\dimen150
\l__xeCJK_middle_margin_width_dim=\dimen151
\l__xeCJK_bound_punct_width_dim=\dimen152
\l__xeCJK_bound_margin_width_dim=\dimen153
\l__xeCJK_margin_minimum_dim=\dimen154
\l__xeCJK_kerning_total_width_dim=\dimen155
\l__xeCJK_same_align_margin_dim=\dimen156
\l__xeCJK_different_align_margin_dim=\dimen157
\l__xeCJK_kerning_margin_width_dim=\dimen158
\l__xeCJK_kerning_margin_minimum_dim=\dimen159
\l__xeCJK_bound_dim=\dimen160
\l__xeCJK_reverse_bound_dim=\dimen161
\l__xeCJK_minimum_bound_dim=\dimen162
\l__xeCJK_kerning_margin_dim=\dimen163
\l__xeCJK_original_margin_dim=\dimen164
\g__xeCJK_family_int=\count185
\l__xeCJK_fam_int=\count186
\g__xeCJK_fam_allocation_int=\count187
\l__xeCJK_verb_case_int=\count188
\l__xeCJK_verb_exspace_skip=\skip55

(d:/Program Files/texlive2018/texlive/2018/texmf-dist/tex/latex/fontspec/fontsp
ec.sty
Package: fontspec 2019/02/12 v2.7b Font selection for XeLaTeX and LuaLaTeX

(d:/Program Files/texlive2018/texlive/2018/texmf-dist/tex/latex/fontspec/fontsp
ec-xetex.sty
Package: fontspec-xetex 2019/02/12 v2.7b Font selection for XeLaTeX and LuaLaTe
X
\l__fontspec_script_int=\count189
\l__fontspec_language_int=\count190
\l__fontspec_strnum_int=\count191
\l__fontspec_tmp_int=\count192
\l__fontspec_tmpa_int=\count193
\l__fontspec_tmpb_int=\count194
\l__fontspec_tmpc_int=\count195
\l__fontspec_em_int=\count196
\l__fontspec_emdef_int=\count197
\l__fontspec_strong_int=\count198
\l__fontspec_strongdef_int=\count199
\l__fontspec_tmpa_dim=\dimen165
\l__fontspec_tmpb_dim=\dimen166
\l__fontspec_tmpc_dim=\dimen167

(d:/Program Files/texlive2018/texlive/2018/texmf-dist/tex/latex/base/fontenc.st
y
Package: fontenc 2018/08/11 v2.0j Standard LaTeX package

(d:/Program Files/texlive2018/texlive/2018/texmf-dist/tex/latex/base/tuenc.def
File: tuenc.def 2018/08/11 v2.0j Standard LaTeX file
LaTeX Font Info:    Redeclaring font encoding TU on input line 82.
))
(d:/Program Files/texlive2018/texlive/2018/texmf-dist/tex/latex/fontspec/fontsp
ec.cfg)
LaTeX Info: Redefining \itshape on input line 4044.
LaTeX Info: Redefining \slshape on input line 4049.
LaTeX Info: Redefining \scshape on input line 4054.
LaTeX Info: Redefining \upshape on input line 4059.
LaTeX Info: Redefining \em on input line 4089.
LaTeX Info: Redefining \emph on input line 4114.
))
(d:/Program Files/texlive2018/texlive/2018/texmf-dist/tex/xelatex/xecjk/xeCJK.c
fg
File: xeCJK.cfg 2018/04/30 v3.7.1 Configuration file for xeCJK package
))
(d:/Program Files/texlive2018/texlive/2018/texmf-dist/tex/xelatex/xecjk/xeCJKfn
tef.sty
Package: xeCJKfntef 2018/04/30 v3.7.1 xeCJK font effect

(d:/Program Files/texlive2018/texlive/2018/texmf-dist/tex/generic/ulem/ulem.sty
\UL@box=\box47
\UL@hyphenbox=\box48
\UL@skip=\skip56
\UL@hook=\toks14
\UL@height=\dimen168
\UL@pe=\count266
\UL@pixel=\dimen169
\ULC@box=\box49
Package: ulem 2012/05/18
\ULdepth=\dimen170
)
(d:/Program Files/texlive2018/texlive/2018/texmf-dist/tex/latex/environ/environ
.sty
Package: environ 2014/05/04 v0.3 A new way to define environments

(d:/Program Files/texlive2018/texlive/2018/texmf-dist/tex/latex/trimspaces/trim
spaces.sty
Package: trimspaces 2009/09/17 v1.1 Trim spaces around a token list
)
\@envbody=\toks15
)
(d:/Program Files/texlive2018/texlive/2018/texmf-dist/tex/latex/cjk/texinput/CJ
Kfntef.sty
Package: CJKfntef 2015/04/18 4.8.4
\CJK@fntefSkip=\skip57
\CJK@nest=\count267
\CJK@fntefDimen=\dimen171
\CJK@underdotBox=\box50
\CJK@ULbox=\box51
\CJK@underanyskip=\dimen172
)
\l__xeCJK_space_skip=\skip58
\c__xeCJK_ulem-begin_node_dim=\dimen173
\c__xeCJK_null_box=\box52
\l__xeCJK_fntef_box=\box53
\l__xeCJK_under_symbol_box=\box54
\c__xeCJK_filll_skip=\skip59
)
\ccwd=\dimen174
\l__ctex_ccglue_skip=\skip60
)
\l__ctex_ziju_dim=\dimen175

(d:/Program Files/texlive2018/texlive/2018/texmf-dist/tex/latex/zhnumber/zhnumb
er.sty
Package: zhnumber 2018/01/28 v2.6 Typesetting numbers with Chinese glyphs
\l__zhnum_scale_int=\count268

(d:/Program Files/texlive2018/texlive/2018/texmf-dist/tex/latex/zhnumber/zhnumb
er-utf8.cfg
File: zhnumber-utf8.cfg 2018/01/28 v2.6 Chinese numerals with UTF8 encoding
))
\l__ctex_heading_skip=\skip61

(d:/Program Files/texlive2018/texlive/2018/texmf-dist/tex/latex/ctex/scheme/cte
x-scheme-chinese-book.def
File: ctex-scheme-chinese-book.def 2018/05/02 v2.4.14 Chinese scheme for book (
CTEX)

(d:/Program Files/texlive2018/texlive/2018/texmf-dist/tex/latex/ctex/config/cte
x-name-utf8.cfg
File: ctex-name-utf8.cfg 2018/05/02 v2.4.14 Caption with encoding UTF8 (CTEX)
))
(d:/Program Files/texlive2018/texlive/2018/texmf-dist/tex/latex/ctex/ctex-c5siz
e.clo
File: ctex-c5size.clo 2018/05/02 v2.4.14 c5size option (CTEX)
)
(d:/Program Files/texlive2018/texlive/2018/texmf-dist/tex/latex/ctex/fontset/ct
ex-fontset-windows.def
File: ctex-fontset-windows.def 2018/05/02 v2.4.14 Windows fonts definition (CTE
X)

(d:/Program Files/texlive2018/texlive/2018/texmf-dist/tex/latex/ctex/fontset/ct
ex-fontset-windowsnew.def
File: ctex-fontset-windowsnew.def 2018/05/02 v2.4.14 Windows fonts definition f
or Vista or later version (CTEX)

Package fontspec Info: Could not resolve font "KaiTi/B" (it probably doesn't
(fontspec)             exist).


Package fontspec Info: Could not resolve font "SimHei/I" (it probably doesn't
(fontspec)             exist).


Package fontspec Info: Could not resolve font "SimSun/BI" (it probably doesn't
(fontspec)             exist).


Package fontspec Info: Font family 'SimSun(0)' created for font 'SimSun' with
(fontspec)             options
(fontspec)             [Script={CJK},BoldFont={SimHei},ItalicFont={KaiTi}].
(fontspec)              
(fontspec)              This font family consists of the following NFSS
(fontspec)             series/shapes:
(fontspec)              
(fontspec)             - 'normal' (m/n) with NFSS spec.:
(fontspec)             <->"SimSun/OT:script=hani;language=DFLT;"
(fontspec)             - 'small caps'  (m/sc) with NFSS spec.: 
(fontspec)             - 'bold' (bx/n) with NFSS spec.:
(fontspec)             <->"SimHei/OT:script=hani;language=DFLT;"
(fontspec)             - 'bold small caps'  (bx/sc) with NFSS spec.: 
(fontspec)             - 'italic' (m/it) with NFSS spec.:
(fontspec)             <->"KaiTi/OT:script=hani;language=DFLT;"
(fontspec)             - 'italic small caps'  (m/itsc) with NFSS spec.: 

)))
(d:/Program Files/texlive2018/texlive/2018/texmf-dist/tex/latex/ctex/config/cte
x.cfg
File: ctex.cfg 2018/05/02 v2.4.14 Configuration file (CTEX)
)
(d:/Program Files/texlive2018/texlive/2018/texmf-dist/tex/generic/chemfig/chemf
ig.sty
(d:/Program Files/texlive2018/texlive/2018/texmf-dist/tex/latex/pgf/frontendlay
er/tikz.sty
(d:/Program Files/texlive2018/texlive/2018/texmf-dist/tex/latex/pgf/basiclayer/
pgf.sty
(d:/Program Files/texlive2018/texlive/2018/texmf-dist/tex/latex/pgf/utilities/p
gfrcs.sty
(d:/Program Files/texlive2018/texlive/2018/texmf-dist/tex/generic/pgf/utilities
/pgfutil-common.tex
\pgfutil@everybye=\toks16
\pgfutil@tempdima=\dimen176
\pgfutil@tempdimb=\dimen177

(d:/Program Files/texlive2018/texlive/2018/texmf-dist/tex/generic/pgf/utilities
/pgfutil-common-lists.tex))
(d:/Program Files/texlive2018/texlive/2018/texmf-dist/tex/generic/pgf/utilities
/pgfutil-latex.def
\pgfutil@abb=\box55

(d:/Program Files/texlive2018/texlive/2018/texmf-dist/tex/latex/ms/everyshi.sty
Package: everyshi 2001/05/15 v3.00 EveryShipout Package (MS)
))
(d:/Program Files/texlive2018/texlive/2018/texmf-dist/tex/generic/pgf/utilities
/pgfrcs.code.tex
(d:/Program Files/texlive2018/texlive/2018/texmf-dist/tex/generic/pgf/pgf.revis
ion.tex)
Package: pgfrcs 2019/02/02 v3.1.1 (3.1.1)
))
Package: pgf 2019/02/02 v3.1.1 (3.1.1)

(d:/Program Files/texlive2018/texlive/2018/texmf-dist/tex/latex/pgf/basiclayer/
pgfcore.sty
(d:/Program Files/texlive2018/texlive/2018/texmf-dist/tex/latex/graphics/graphi
cx.sty
Package: graphicx 2017/06/01 v1.1a Enhanced LaTeX Graphics (DPC,SPQR)

(d:/Program Files/texlive2018/texlive/2018/texmf-dist/tex/latex/graphics/keyval
.sty
Package: keyval 2014/10/28 v1.15 key=value parser (DPC)
\KV@toks@=\toks17
)
(d:/Program Files/texlive2018/texlive/2018/texmf-dist/tex/latex/graphics/graphi
cs.sty
Package: graphics 2017/06/25 v1.2c Standard LaTeX Graphics (DPC,SPQR)

(d:/Program Files/texlive2018/texlive/2018/texmf-dist/tex/latex/graphics/trig.s
ty
Package: trig 2016/01/03 v1.10 sin cos tan (DPC)
)
(d:/Program Files/texlive2018/texlive/2018/texmf-dist/tex/latex/graphics-cfg/gr
aphics.cfg
File: graphics.cfg 2016/06/04 v1.11 sample graphics configuration
)
Package graphics Info: Driver file: xetex.def on input line 99.

(d:/Program Files/texlive2018/texlive/2018/texmf-dist/tex/latex/graphics-def/xe
tex.def
File: xetex.def 2017/06/24 v5.0h Graphics/color driver for xetex
))
\Gin@req@height=\dimen178
\Gin@req@width=\dimen179
)
(d:/Program Files/texlive2018/texlive/2018/texmf-dist/tex/latex/pgf/systemlayer
/pgfsys.sty
(d:/Program Files/texlive2018/texlive/2018/texmf-dist/tex/generic/pgf/systemlay
er/pgfsys.code.tex
Package: pgfsys 2019/02/02 v3.1.1 (3.1.1)

(d:/Program Files/texlive2018/texlive/2018/texmf-dist/tex/generic/pgf/utilities
/pgfkeys.code.tex
\pgfkeys@pathtoks=\toks18
\pgfkeys@temptoks=\toks19

(d:/Program Files/texlive2018/texlive/2018/texmf-dist/tex/generic/pgf/utilities
/pgfkeysfiltered.code.tex
\pgfkeys@tmptoks=\toks20
))
\pgf@x=\dimen180
\pgf@y=\dimen181
\pgf@xa=\dimen182
\pgf@ya=\dimen183
\pgf@xb=\dimen184
\pgf@yb=\dimen185
\pgf@xc=\dimen186
\pgf@yc=\dimen187
\w@pgf@writea=\write3
\r@pgf@reada=\read2
\c@pgf@counta=\count269
\c@pgf@countb=\count270
\c@pgf@countc=\count271
\c@pgf@countd=\count272
\t@pgf@toka=\toks21
\t@pgf@tokb=\toks22
\t@pgf@tokc=\toks23
\pgf@sys@id@count=\count273

(d:/Program Files/texlive2018/texlive/2018/texmf-dist/tex/generic/pgf/systemlay
er/pgf.cfg
File: pgf.cfg 2019/02/02 v3.1.1 (3.1.1)
)
Driver file for pgf: pgfsys-xetex.def

(d:/Program Files/texlive2018/texlive/2018/texmf-dist/tex/generic/pgf/systemlay
er/pgfsys-xetex.def
File: pgfsys-xetex.def 2019/02/02 v3.1.1 (3.1.1)

(d:/Program Files/texlive2018/texlive/2018/texmf-dist/tex/generic/pgf/systemlay
er/pgfsys-dvipdfmx.def
File: pgfsys-dvipdfmx.def 2019/02/02 v3.1.1 (3.1.1)

(d:/Program Files/texlive2018/texlive/2018/texmf-dist/tex/generic/pgf/systemlay
er/pgfsys-common-pdf.def
File: pgfsys-common-pdf.def 2019/02/02 v3.1.1 (3.1.1)
)
\pgfsys@objnum=\count274
)))
(d:/Program Files/texlive2018/texlive/2018/texmf-dist/tex/generic/pgf/systemlay
er/pgfsyssoftpath.code.tex
File: pgfsyssoftpath.code.tex 2019/02/02 v3.1.1 (3.1.1)
\pgfsyssoftpath@smallbuffer@items=\count275
\pgfsyssoftpath@bigbuffer@items=\count276
)
(d:/Program Files/texlive2018/texlive/2018/texmf-dist/tex/generic/pgf/systemlay
er/pgfsysprotocol.code.tex
File: pgfsysprotocol.code.tex 2019/02/02 v3.1.1 (3.1.1)
))
(d:/Program Files/texlive2018/texlive/2018/texmf-dist/tex/latex/xcolor/xcolor.s
ty
Package: xcolor 2016/05/11 v2.12 LaTeX color extensions (UK)

(d:/Program Files/texlive2018/texlive/2018/texmf-dist/tex/latex/graphics-cfg/co
lor.cfg
File: color.cfg 2016/01/02 v1.6 sample color configuration
)
Package xcolor Info: Driver file: xetex.def on input line 225.
Package xcolor Info: Model `cmy' substituted by `cmy0' on input line 1348.
Package xcolor Info: Model `RGB' extended on input line 1364.
Package xcolor Info: Model `HTML' substituted by `rgb' on input line 1366.
Package xcolor Info: Model `Hsb' substituted by `hsb' on input line 1367.
Package xcolor Info: Model `tHsb' substituted by `hsb' on input line 1368.
Package xcolor Info: Model `HSB' substituted by `hsb' on input line 1369.
Package xcolor Info: Model `Gray' substituted by `gray' on input line 1370.
Package xcolor Info: Model `wave' substituted by `hsb' on input line 1371.
)
(d:/Program Files/texlive2018/texlive/2018/texmf-dist/tex/generic/pgf/basiclaye
r/pgfcore.code.tex
Package: pgfcore 2019/02/02 v3.1.1 (3.1.1)

(d:/Program Files/texlive2018/texlive/2018/texmf-dist/tex/generic/pgf/math/pgfm
ath.code.tex
(d:/Program Files/texlive2018/texlive/2018/texmf-dist/tex/generic/pgf/math/pgfm
athcalc.code.tex
(d:/Program Files/texlive2018/texlive/2018/texmf-dist/tex/generic/pgf/math/pgfm
athutil.code.tex)
(d:/Program Files/texlive2018/texlive/2018/texmf-dist/tex/generic/pgf/math/pgfm
athparser.code.tex
\pgfmath@dimen=\dimen188
\pgfmath@count=\count277
\pgfmath@box=\box56
\pgfmath@toks=\toks24
\pgfmath@stack@operand=\toks25
\pgfmath@stack@operation=\toks26
)
(d:/Program Files/texlive2018/texlive/2018/texmf-dist/tex/generic/pgf/math/pgfm
athfunctions.code.tex
(d:/Program Files/texlive2018/texlive/2018/texmf-dist/tex/generic/pgf/math/pgfm
athfunctions.basic.code.tex)
(d:/Program Files/texlive2018/texlive/2018/texmf-dist/tex/generic/pgf/math/pgfm
athfunctions.trigonometric.code.tex)
(d:/Program Files/texlive2018/texlive/2018/texmf-dist/tex/generic/pgf/math/pgfm
athfunctions.random.code.tex)
(d:/Program Files/texlive2018/texlive/2018/texmf-dist/tex/generic/pgf/math/pgfm
athfunctions.comparison.code.tex)
(d:/Program Files/texlive2018/texlive/2018/texmf-dist/tex/generic/pgf/math/pgfm
athfunctions.base.code.tex)
(d:/Program Files/texlive2018/texlive/2018/texmf-dist/tex/generic/pgf/math/pgfm
athfunctions.round.code.tex)
(d:/Program Files/texlive2018/texlive/2018/texmf-dist/tex/generic/pgf/math/pgfm
athfunctions.misc.code.tex)
(d:/Program Files/texlive2018/texlive/2018/texmf-dist/tex/generic/pgf/math/pgfm
athfunctions.integerarithmetics.code.tex)))
(d:/Program Files/texlive2018/texlive/2018/texmf-dist/tex/generic/pgf/math/pgfm
athfloat.code.tex
\c@pgfmathroundto@lastzeros=\count278
))
(d:/Program Files/texlive2018/texlive/2018/texmf-dist/tex/generic/pgf/basiclaye
r/pgfcorepoints.code.tex
File: pgfcorepoints.code.tex 2019/02/02 v3.1.1 (3.1.1)
\pgf@picminx=\dimen189
\pgf@picmaxx=\dimen190
\pgf@picminy=\dimen191
\pgf@picmaxy=\dimen192
\pgf@pathminx=\dimen193
\pgf@pathmaxx=\dimen194
\pgf@pathminy=\dimen195
\pgf@pathmaxy=\dimen196
\pgf@xx=\dimen197
\pgf@xy=\dimen198
\pgf@yx=\dimen199
\pgf@yy=\dimen256
\pgf@zx=\dimen257
\pgf@zy=\dimen258
)
(d:/Program Files/texlive2018/texlive/2018/texmf-dist/tex/generic/pgf/basiclaye
r/pgfcorepathconstruct.code.tex
File: pgfcorepathconstruct.code.tex 2019/02/02 v3.1.1 (3.1.1)
\pgf@path@lastx=\dimen259
\pgf@path@lasty=\dimen260
)
(d:/Program Files/texlive2018/texlive/2018/texmf-dist/tex/generic/pgf/basiclaye
r/pgfcorepathusage.code.tex
File: pgfcorepathusage.code.tex 2019/02/02 v3.1.1 (3.1.1)
\pgf@shorten@end@additional=\dimen261
\pgf@shorten@start@additional=\dimen262
)
(d:/Program Files/texlive2018/texlive/2018/texmf-dist/tex/generic/pgf/basiclaye
r/pgfcorescopes.code.tex
File: pgfcorescopes.code.tex 2019/02/02 v3.1.1 (3.1.1)
\pgfpic=\box57
\pgf@hbox=\box58
\pgf@layerbox@main=\box59
\pgf@picture@serial@count=\count279
)
(d:/Program Files/texlive2018/texlive/2018/texmf-dist/tex/generic/pgf/basiclaye
r/pgfcoregraphicstate.code.tex
File: pgfcoregraphicstate.code.tex 2019/02/02 v3.1.1 (3.1.1)
\pgflinewidth=\dimen263
)
(d:/Program Files/texlive2018/texlive/2018/texmf-dist/tex/generic/pgf/basiclaye
r/pgfcoretransformations.code.tex
File: pgfcoretransformations.code.tex 2019/02/02 v3.1.1 (3.1.1)
\pgf@pt@x=\dimen264
\pgf@pt@y=\dimen265
\pgf@pt@temp=\dimen266
)
(d:/Program Files/texlive2018/texlive/2018/texmf-dist/tex/generic/pgf/basiclaye
r/pgfcorequick.code.tex
File: pgfcorequick.code.tex 2019/02/02 v3.1.1 (3.1.1)
)
(d:/Program Files/texlive2018/texlive/2018/texmf-dist/tex/generic/pgf/basiclaye
r/pgfcoreobjects.code.tex
File: pgfcoreobjects.code.tex 2019/02/02 v3.1.1 (3.1.1)
)
(d:/Program Files/texlive2018/texlive/2018/texmf-dist/tex/generic/pgf/basiclaye
r/pgfcorepathprocessing.code.tex
File: pgfcorepathprocessing.code.tex 2019/02/02 v3.1.1 (3.1.1)
)
(d:/Program Files/texlive2018/texlive/2018/texmf-dist/tex/generic/pgf/basiclaye
r/pgfcorearrows.code.tex
File: pgfcorearrows.code.tex 2019/02/02 v3.1.1 (3.1.1)
\pgfarrowsep=\dimen267
)
(d:/Program Files/texlive2018/texlive/2018/texmf-dist/tex/generic/pgf/basiclaye
r/pgfcoreshade.code.tex
File: pgfcoreshade.code.tex 2019/02/02 v3.1.1 (3.1.1)
\pgf@max=\dimen268
\pgf@sys@shading@range@num=\count280
)
(d:/Program Files/texlive2018/texlive/2018/texmf-dist/tex/generic/pgf/basiclaye
r/pgfcoreimage.code.tex
File: pgfcoreimage.code.tex 2019/02/02 v3.1.1 (3.1.1)

(d:/Program Files/texlive2018/texlive/2018/texmf-dist/tex/generic/pgf/basiclaye
r/pgfcoreexternal.code.tex
File: pgfcoreexternal.code.tex 2019/02/02 v3.1.1 (3.1.1)
\pgfexternal@startupbox=\box60
))
(d:/Program Files/texlive2018/texlive/2018/texmf-dist/tex/generic/pgf/basiclaye
r/pgfcorelayers.code.tex
File: pgfcorelayers.code.tex 2019/02/02 v3.1.1 (3.1.1)
)
(d:/Program Files/texlive2018/texlive/2018/texmf-dist/tex/generic/pgf/basiclaye
r/pgfcoretransparency.code.tex
File: pgfcoretransparency.code.tex 2019/02/02 v3.1.1 (3.1.1)
)
(d:/Program Files/texlive2018/texlive/2018/texmf-dist/tex/generic/pgf/basiclaye
r/pgfcorepatterns.code.tex
File: pgfcorepatterns.code.tex 2019/02/02 v3.1.1 (3.1.1)
)
(d:/Program Files/texlive2018/texlive/2018/texmf-dist/tex/generic/pgf/basiclaye
r/pgfcorerdf.code.tex
File: pgfcorerdf.code.tex 2019/02/02 v3.1.1 (3.1.1)
)))
(d:/Program Files/texlive2018/texlive/2018/texmf-dist/tex/generic/pgf/modules/p
gfmoduleshapes.code.tex
File: pgfmoduleshapes.code.tex 2019/02/02 v3.1.1 (3.1.1)
\pgfnodeparttextbox=\box61
)
(d:/Program Files/texlive2018/texlive/2018/texmf-dist/tex/generic/pgf/modules/p
gfmoduleplot.code.tex
File: pgfmoduleplot.code.tex 2019/02/02 v3.1.1 (3.1.1)
)
(d:/Program Files/texlive2018/texlive/2018/texmf-dist/tex/latex/pgf/compatibili
ty/pgfcomp-version-0-65.sty
Package: pgfcomp-version-0-65 2019/02/02 v3.1.1 (3.1.1)
\pgf@nodesepstart=\dimen269
\pgf@nodesepend=\dimen270
)
(d:/Program Files/texlive2018/texlive/2018/texmf-dist/tex/latex/pgf/compatibili
ty/pgfcomp-version-1-18.sty
Package: pgfcomp-version-1-18 2019/02/02 v3.1.1 (3.1.1)
))
(d:/Program Files/texlive2018/texlive/2018/texmf-dist/tex/latex/pgf/utilities/p
gffor.sty
(d:/Program Files/texlive2018/texlive/2018/texmf-dist/tex/latex/pgf/utilities/p
gfkeys.sty
(d:/Program Files/texlive2018/texlive/2018/texmf-dist/tex/generic/pgf/utilities
/pgfkeys.code.tex))
(d:/Program Files/texlive2018/texlive/2018/texmf-dist/tex/latex/pgf/math/pgfmat
h.sty
(d:/Program Files/texlive2018/texlive/2018/texmf-dist/tex/generic/pgf/math/pgfm
ath.code.tex))
(d:/Program Files/texlive2018/texlive/2018/texmf-dist/tex/generic/pgf/utilities
/pgffor.code.tex
Package: pgffor 2019/02/02 v3.1.1 (3.1.1)

(d:/Program Files/texlive2018/texlive/2018/texmf-dist/tex/generic/pgf/math/pgfm
ath.code.tex)
\pgffor@iter=\dimen271
\pgffor@skip=\dimen272
\pgffor@stack=\toks27
\pgffor@toks=\toks28
))
(d:/Program Files/texlive2018/texlive/2018/texmf-dist/tex/generic/pgf/frontendl
ayer/tikz/tikz.code.tex
Package: tikz 2019/02/02 v3.1.1 (3.1.1)

(d:/Program Files/texlive2018/texlive/2018/texmf-dist/tex/generic/pgf/libraries
/pgflibraryplothandlers.code.tex
File: pgflibraryplothandlers.code.tex 2019/02/02 v3.1.1 (3.1.1)
\pgf@plot@mark@count=\count281
\pgfplotmarksize=\dimen273
)
\tikz@lastx=\dimen274
\tikz@lasty=\dimen275
\tikz@lastxsaved=\dimen276
\tikz@lastysaved=\dimen277
\tikzleveldistance=\dimen278
\tikzsiblingdistance=\dimen279
\tikz@figbox=\box62
\tikz@figbox@bg=\box63
\tikz@tempbox=\box64
\tikz@tempbox@bg=\box65
\tikztreelevel=\count282
\tikznumberofchildren=\count283
\tikznumberofcurrentchild=\count284
\tikz@fig@count=\count285

(d:/Program Files/texlive2018/texlive/2018/texmf-dist/tex/generic/pgf/modules/p
gfmodulematrix.code.tex
File: pgfmodulematrix.code.tex 2019/02/02 v3.1.1 (3.1.1)
\pgfmatrixcurrentrow=\count286
\pgfmatrixcurrentcolumn=\count287
\pgf@matrix@numberofcolumns=\count288
)
\tikz@expandcount=\count289

(d:/Program Files/texlive2018/texlive/2018/texmf-dist/tex/generic/pgf/frontendl
ayer/tikz/libraries/tikzlibrarytopaths.code.tex
File: tikzlibrarytopaths.code.tex 2019/02/02 v3.1.1 (3.1.1)
)))
(d:/Program Files/texlive2018/texlive/2018/texmf-dist/tex/generic/chemfig/chemf
ig.tex
Invalid UTF-8 byte or sequence at line 34 replaced by U+FFFD.
Invalid UTF-8 byte or sequence at line 42 replaced by U+FFFD.

(d:/Program Files/texlive2018/texlive/2018/texmf-dist/tex/generic/simplekv/simp
lekv.tex
Invalid UTF-8 byte or sequence at line 2 replaced by U+FFFD.
Invalid UTF-8 byte or sequence at line 36 replaced by U+FFFD.
Invalid UTF-8 byte or sequence at line 38 replaced by U+FFFD.
Invalid UTF-8 byte or sequence at line 47 replaced by U+FFFD.
Invalid UTF-8 byte or sequence at line 47 replaced by U+FFFD.
Invalid UTF-8 byte or sequence at line 47 replaced by U+FFFD.
Invalid UTF-8 byte or sequence at line 47 replaced by U+FFFD.
Invalid UTF-8 byte or sequence at line 51 replaced by U+FFFD.
Invalid UTF-8 byte or sequence at line 51 replaced by U+FFFD.
Invalid UTF-8 byte or sequence at line 51 replaced by U+FFFD.
Invalid UTF-8 byte or sequence at line 51 replaced by U+FFFD.
Invalid UTF-8 byte or sequence at line 52 replaced by U+FFFD.
Invalid UTF-8 byte or sequence at line 52 replaced by U+FFFD.
Invalid UTF-8 byte or sequence at line 55 replaced by U+FFFD.
Invalid UTF-8 byte or sequence at line 59 replaced by U+FFFD.
Invalid UTF-8 byte or sequence at line 59 replaced by U+FFFD.
Invalid UTF-8 byte or sequence at line 59 replaced by U+FFFD.
Invalid UTF-8 byte or sequence at line 60 replaced by U+FFFD.
Invalid UTF-8 byte or sequence at line 60 replaced by U+FFFD.
Invalid UTF-8 byte or sequence at line 67 replaced by U+FFFD.
Invalid UTF-8 byte or sequence at line 68 replaced by U+FFFD.
Invalid UTF-8 byte or sequence at line 68 replaced by U+FFFD.
Invalid UTF-8 byte or sequence at line 73 replaced by U+FFFD.
Invalid UTF-8 byte or sequence at line 73 replaced by U+FFFD.
Invalid UTF-8 byte or sequence at line 84 replaced by U+FFFD.
Invalid UTF-8 byte or sequence at line 84 replaced by U+FFFD.
Invalid UTF-8 byte or sequence at line 90 replaced by U+FFFD.
Invalid UTF-8 byte or sequence at line 92 replaced by U+FFFD.
Invalid UTF-8 byte or sequence at line 110 replaced by U+FFFD.
Invalid UTF-8 byte or sequence at line 110 replaced by U+FFFD.
Invalid UTF-8 byte or sequence at line 112 replaced by U+FFFD.
Invalid UTF-8 byte or sequence at line 112 replaced by U+FFFD.
Invalid UTF-8 byte or sequence at line 112 replaced by U+FFFD.
Invalid UTF-8 byte or sequence at line 113 replaced by U+FFFD.
Invalid UTF-8 byte or sequence at line 113 replaced by U+FFFD.
Invalid UTF-8 byte or sequence at line 113 replaced by U+FFFD.
Invalid UTF-8 byte or sequence at line 113 replaced by U+FFFD.
Invalid UTF-8 byte or sequence at line 113 replaced by U+FFFD.
Invalid UTF-8 byte or sequence at line 113 replaced by U+FFFD.
Invalid UTF-8 byte or sequence at line 117 replaced by U+FFFD.
Invalid UTF-8 byte or sequence at line 117 replaced by U+FFFD.
Invalid UTF-8 byte or sequence at line 117 replaced by U+FFFD.
Invalid UTF-8 byte or sequence at line 117 replaced by U+FFFD.
Invalid UTF-8 byte or sequence at line 122 replaced by U+FFFD.
Invalid UTF-8 byte or sequence at line 125 replaced by U+FFFD.
Invalid UTF-8 byte or sequence at line 125 replaced by U+FFFD.
Invalid UTF-8 byte or sequence at line 125 replaced by U+FFFD.
Invalid UTF-8 byte or sequence at line 126 replaced by U+FFFD.
Invalid UTF-8 byte or sequence at line 126 replaced by U+FFFD.
Invalid UTF-8 byte or sequence at line 128 replaced by U+FFFD.
Invalid UTF-8 byte or sequence at line 129 replaced by U+FFFD.
Invalid UTF-8 byte or sequence at line 129 replaced by U+FFFD.
Invalid UTF-8 byte or sequence at line 129 replaced by U+FFFD.
Invalid UTF-8 byte or sequence at line 131 replaced by U+FFFD.
Invalid UTF-8 byte or sequence at line 131 replaced by U+FFFD.
Invalid UTF-8 byte or sequence at line 131 replaced by U+FFFD.
Invalid UTF-8 byte or sequence at line 132 replaced by U+FFFD.
Invalid UTF-8 byte or sequence at line 139 replaced by U+FFFD.
Invalid UTF-8 byte or sequence at line 139 replaced by U+FFFD.
Invalid UTF-8 byte or sequence at line 140 replaced by U+FFFD.
Invalid UTF-8 byte or sequence at line 140 replaced by U+FFFD.
Invalid UTF-8 byte or sequence at line 142 replaced by U+FFFD.
Invalid UTF-8 byte or sequence at line 142 replaced by U+FFFD.
Invalid UTF-8 byte or sequence at line 146 replaced by U+FFFD.
Invalid UTF-8 byte or sequence at line 146 replaced by U+FFFD.
Invalid UTF-8 byte or sequence at line 146 replaced by U+FFFD.
Invalid UTF-8 byte or sequence at line 147 replaced by U+FFFD.
Invalid UTF-8 byte or sequence at line 151 replaced by U+FFFD.
Invalid UTF-8 byte or sequence at line 152 replaced by U+FFFD.
Invalid UTF-8 byte or sequence at line 152 replaced by U+FFFD.
Invalid UTF-8 byte or sequence at line 152 replaced by U+FFFD.
Invalid UTF-8 byte or sequence at line 153 replaced by U+FFFD.
Invalid UTF-8 byte or sequence at line 153 replaced by U+FFFD.
Invalid UTF-8 byte or sequence at line 154 replaced by U+FFFD.
Invalid UTF-8 byte or sequence at line 154 replaced by U+FFFD.
Invalid UTF-8 byte or sequence at line 154 replaced by U+FFFD.
Invalid UTF-8 byte or sequence at line 157 replaced by U+FFFD.
Invalid UTF-8 byte or sequence at line 157 replaced by U+FFFD.
Invalid UTF-8 byte or sequence at line 157 replaced by U+FFFD.
Invalid UTF-8 byte or sequence at line 158 replaced by U+FFFD.
Invalid UTF-8 byte or sequence at line 163 replaced by U+FFFD.
Invalid UTF-8 byte or sequence at line 163 replaced by U+FFFD.
Invalid UTF-8 byte or sequence at line 163 replaced by U+FFFD.
Invalid UTF-8 byte or sequence at line 163 replaced by U+FFFD.
Invalid UTF-8 byte or sequence at line 164 replaced by U+FFFD.
Invalid UTF-8 byte or sequence at line 164 replaced by U+FFFD.
Invalid UTF-8 byte or sequence at line 164 replaced by U+FFFD.
Invalid UTF-8 byte or sequence at line 164 replaced by U+FFFD.
Invalid UTF-8 byte or sequence at line 166 replaced by U+FFFD.
Invalid UTF-8 byte or sequence at line 166 replaced by U+FFFD.
Invalid UTF-8 byte or sequence at line 167 replaced by U+FFFD.
Invalid UTF-8 byte or sequence at line 171 replaced by U+FFFD.
Invalid UTF-8 byte or sequence at line 171 replaced by U+FFFD.
Invalid UTF-8 byte or sequence at line 172 replaced by U+FFFD.
Invalid UTF-8 byte or sequence at line 173 replaced by U+FFFD.
Invalid UTF-8 byte or sequence at line 174 replaced by U+FFFD.
Invalid UTF-8 byte or sequence at line 174 replaced by U+FFFD.
Invalid UTF-8 byte or sequence at line 174 replaced by U+FFFD.
Invalid UTF-8 byte or sequence at line 174 replaced by U+FFFD.
Invalid UTF-8 byte or sequence at line 174 replaced by U+FFFD.
Invalid UTF-8 byte or sequence at line 175 replaced by U+FFFD.
Invalid UTF-8 byte or sequence at line 176 replaced by U+FFFD.
Invalid UTF-8 byte or sequence at line 178 replaced by U+FFFD.
Invalid UTF-8 byte or sequence at line 178 replaced by U+FFFD.
Invalid UTF-8 byte or sequence at line 181 replaced by U+FFFD.
Invalid UTF-8 byte or sequence at line 183 replaced by U+FFFD.
Invalid UTF-8 byte or sequence at line 183 replaced by U+FFFD.
Invalid UTF-8 byte or sequence at line 184 replaced by U+FFFD.
Invalid UTF-8 byte or sequence at line 184 replaced by U+FFFD.
Invalid UTF-8 byte or sequence at line 185 replaced by U+FFFD.
Invalid UTF-8 byte or sequence at line 187 replaced by U+FFFD.
Invalid UTF-8 byte or sequence at line 187 replaced by U+FFFD.
Invalid UTF-8 byte or sequence at line 189 replaced by U+FFFD.
Invalid UTF-8 byte or sequence at line 189 replaced by U+FFFD.
Invalid UTF-8 byte or sequence at line 189 replaced by U+FFFD.
Invalid UTF-8 byte or sequence at line 191 replaced by U+FFFD.
Invalid UTF-8 byte or sequence at line 191 replaced by U+FFFD.
Invalid UTF-8 byte or sequence at line 191 replaced by U+FFFD.
Invalid UTF-8 byte or sequence at line 191 replaced by U+FFFD.
Invalid UTF-8 byte or sequence at line 192 replaced by U+FFFD.
Invalid UTF-8 byte or sequence at line 192 replaced by U+FFFD.
Invalid UTF-8 byte or sequence at line 193 replaced by U+FFFD.
Invalid UTF-8 byte or sequence at line 196 replaced by U+FFFD.
Invalid UTF-8 byte or sequence at line 196 replaced by U+FFFD.
Invalid UTF-8 byte or sequence at line 197 replaced by U+FFFD.
Invalid UTF-8 byte or sequence at line 200 replaced by U+FFFD.
Invalid UTF-8 byte or sequence at line 200 replaced by U+FFFD.
Invalid UTF-8 byte or sequence at line 200 replaced by U+FFFD.
Invalid UTF-8 byte or sequence at line 201 replaced by U+FFFD.
Invalid UTF-8 byte or sequence at line 202 replaced by U+FFFD.
Invalid UTF-8 byte or sequence at line 202 replaced by U+FFFD.
Invalid UTF-8 byte or sequence at line 202 replaced by U+FFFD.
Invalid UTF-8 byte or sequence at line 204 replaced by U+FFFD.
Invalid UTF-8 byte or sequence at line 204 replaced by U+FFFD.
Invalid UTF-8 byte or sequence at line 204 replaced by U+FFFD.
Invalid UTF-8 byte or sequence at line 205 replaced by U+FFFD.
Invalid UTF-8 byte or sequence at line 205 replaced by U+FFFD.
Invalid UTF-8 byte or sequence at line 205 replaced by U+FFFD.
Invalid UTF-8 byte or sequence at line 206 replaced by U+FFFD.
Invalid UTF-8 byte or sequence at line 207 replaced by U+FFFD.
Invalid UTF-8 byte or sequence at line 208 replaced by U+FFFD.
Invalid UTF-8 byte or sequence at line 209 replaced by U+FFFD.
Invalid UTF-8 byte or sequence at line 209 replaced by U+FFFD.
Invalid UTF-8 byte or sequence at line 210 replaced by U+FFFD.
Invalid UTF-8 byte or sequence at line 211 replaced by U+FFFD.
Invalid UTF-8 byte or sequence at line 212 replaced by U+FFFD.
Invalid UTF-8 byte or sequence at line 212 replaced by U+FFFD.
Invalid UTF-8 byte or sequence at line 212 replaced by U+FFFD.
Invalid UTF-8 byte or sequence at line 212 replaced by U+FFFD.
Invalid UTF-8 byte or sequence at line 213 replaced by U+FFFD.
Invalid UTF-8 byte or sequence at line 213 replaced by U+FFFD.
Invalid UTF-8 byte or sequence at line 213 replaced by U+FFFD.
Invalid UTF-8 byte or sequence at line 215 replaced by U+FFFD.
Invalid UTF-8 byte or sequence at line 215 replaced by U+FFFD.
Invalid UTF-8 byte or sequence at line 217 replaced by U+FFFD.
Invalid UTF-8 byte or sequence at line 217 replaced by U+FFFD.
Invalid UTF-8 byte or sequence at line 217 replaced by U+FFFD.
Invalid UTF-8 byte or sequence at line 218 replaced by U+FFFD.
Invalid UTF-8 byte or sequence at line 220 replaced by U+FFFD.
Invalid UTF-8 byte or sequence at line 225 replaced by U+FFFD.
Invalid UTF-8 byte or sequence at line 226 replaced by U+FFFD.
Invalid UTF-8 byte or sequence at line 226 replaced by U+FFFD.
Invalid UTF-8 byte or sequence at line 226 replaced by U+FFFD.
Invalid UTF-8 byte or sequence at line 229 replaced by U+FFFD.
Invalid UTF-8 byte or sequence at line 229 replaced by U+FFFD.
Invalid UTF-8 byte or sequence at line 229 replaced by U+FFFD.
Invalid UTF-8 byte or sequence at line 229 replaced by U+FFFD.
Invalid UTF-8 byte or sequence at line 238 replaced by U+FFFD.
Invalid UTF-8 byte or sequence at line 238 replaced by U+FFFD.
Invalid UTF-8 byte or sequence at line 240 replaced by U+FFFD.
Invalid UTF-8 byte or sequence at line 240 replaced by U+FFFD.
Invalid UTF-8 byte or sequence at line 241 replaced by U+FFFD.
Invalid UTF-8 byte or sequence at line 243 replaced by U+FFFD.
Invalid UTF-8 byte or sequence at line 244 replaced by U+FFFD.
Invalid UTF-8 byte or sequence at line 244 replaced by U+FFFD.
Invalid UTF-8 byte or sequence at line 244 replaced by U+FFFD.
Invalid UTF-8 byte or sequence at line 247 replaced by U+FFFD.
Invalid UTF-8 byte or sequence at line 247 replaced by U+FFFD.
Invalid UTF-8 byte or sequence at line 255 replaced by U+FFFD.
Invalid UTF-8 byte or sequence at line 255 replaced by U+FFFD.
Invalid UTF-8 byte or sequence at line 256 replaced by U+FFFD.
Invalid UTF-8 byte or sequence at line 256 replaced by U+FFFD.
Invalid UTF-8 byte or sequence at line 256 replaced by U+FFFD.
Invalid UTF-8 byte or sequence at line 256 replaced by U+FFFD.
Invalid UTF-8 byte or sequence at line 257 replaced by U+FFFD.
Invalid UTF-8 byte or sequence at line 259 replaced by U+FFFD.
Invalid UTF-8 byte or sequence at line 260 replaced by U+FFFD.
Invalid UTF-8 byte or sequence at line 262 replaced by U+FFFD.
Invalid UTF-8 byte or sequence at line 265 replaced by U+FFFD.
Invalid UTF-8 byte or sequence at line 265 replaced by U+FFFD.
Invalid UTF-8 byte or sequence at line 265 replaced by U+FFFD.
Invalid UTF-8 byte or sequence at line 265 replaced by U+FFFD.
Invalid UTF-8 byte or sequence at line 280 replaced by U+FFFD.
Invalid UTF-8 byte or sequence at line 285 replaced by U+FFFD.
Invalid UTF-8 byte or sequence at line 285 replaced by U+FFFD.
Invalid UTF-8 byte or sequence at line 287 replaced by U+FFFD.
Invalid UTF-8 byte or sequence at line 288 replaced by U+FFFD.
Invalid UTF-8 byte or sequence at line 288 replaced by U+FFFD.
Invalid UTF-8 byte or sequence at line 292 replaced by U+FFFD.
Invalid UTF-8 byte or sequence at line 295 replaced by U+FFFD.
Invalid UTF-8 byte or sequence at line 297 replaced by U+FFFD.
Invalid UTF-8 byte or sequence at line 297 replaced by U+FFFD.
Invalid UTF-8 byte or sequence at line 297 replaced by U+FFFD.
Invalid UTF-8 byte or sequence at line 298 replaced by U+FFFD.
Invalid UTF-8 byte or sequence at line 299 replaced by U+FFFD.
Invalid UTF-8 byte or sequence at line 303 replaced by U+FFFD.
Invalid UTF-8 byte or sequence at line 303 replaced by U+FFFD.
Invalid UTF-8 byte or sequence at line 309 replaced by U+FFFD.
Invalid UTF-8 byte or sequence at line 312 replaced by U+FFFD.
Invalid UTF-8 byte or sequence at line 312 replaced by U+FFFD.
Invalid UTF-8 byte or sequence at line 319 replaced by U+FFFD.
Invalid UTF-8 byte or sequence at line 319 replaced by U+FFFD.
)
(d:/Program Files/texlive2018/texlive/2018/texmf-dist/tex/generic/pgf/libraries
/pgflibraryarrows.meta.code.tex
File: pgflibraryarrows.meta.code.tex 2019/02/02 v3.1.1 (3.1.1)
\pgfarrowinset=\dimen280
\pgfarrowlength=\dimen281
\pgfarrowwidth=\dimen282
\pgfarrowlinewidth=\dimen283
)
Invalid UTF-8 byte or sequence at line 66 replaced by U+FFFD.
\CF@cnt@atomingroup=\count290
\CF@cnt@groupnumber=\count291
\CF@cnt@atomnumber=\count292
\CF@cnt@cycle=\count293
\CF@compound@cnt=\count294
\CF@dim=\dimen284
\CF@arrow@size=\dimen285
\CF@lewis@box=\box66
\CF@box@boxa=\box67
\CF@stuff@box=\box68
Invalid UTF-8 byte or sequence at line 138 replaced by U+FFFD.
Invalid UTF-8 byte or sequence at line 161 replaced by U+FFFD.
Invalid UTF-8 byte or sequence at line 184 replaced by U+FFFD.
Invalid UTF-8 byte or sequence at line 184 replaced by U+FFFD.
Invalid UTF-8 byte or sequence at line 189 replaced by U+FFFD.
Invalid UTF-8 byte or sequence at line 193 replaced by U+FFFD.
Invalid UTF-8 byte or sequence at line 194 replaced by U+FFFD.
Invalid UTF-8 byte or sequence at line 223 replaced by U+FFFD.
Invalid UTF-8 byte or sequence at line 336 replaced by U+FFFD.
Invalid UTF-8 byte or sequence at line 348 replaced by U+FFFD.
Invalid UTF-8 byte or sequence at line 348 replaced by U+FFFD.
Invalid UTF-8 byte or sequence at line 348 replaced by U+FFFD.
Invalid UTF-8 byte or sequence at line 348 replaced by U+FFFD.
Invalid UTF-8 byte or sequence at line 348 replaced by U+FFFD.
Invalid UTF-8 byte or sequence at line 349 replaced by U+FFFD.
Invalid UTF-8 byte or sequence at line 359 replaced by U+FFFD.
Invalid UTF-8 byte or sequence at line 368 replaced by U+FFFD.
Invalid UTF-8 byte or sequence at line 396 replaced by U+FFFD.
Invalid UTF-8 byte or sequence at line 396 replaced by U+FFFD.
Invalid UTF-8 byte or sequence at line 432 replaced by U+FFFD.
Invalid UTF-8 byte or sequence at line 436 replaced by U+FFFD.
Invalid UTF-8 byte or sequence at line 463 replaced by U+FFFD.
Invalid UTF-8 byte or sequence at line 471 replaced by U+FFFD.
Invalid UTF-8 byte or sequence at line 474 replaced by U+FFFD.
Invalid UTF-8 byte or sequence at line 476 replaced by U+FFFD.
Invalid UTF-8 byte or sequence at line 477 replaced by U+FFFD.
Invalid UTF-8 byte or sequence at line 477 replaced by U+FFFD.
Invalid UTF-8 byte or sequence at line 498 replaced by U+FFFD.
Invalid UTF-8 byte or sequence at line 510 replaced by U+FFFD.
Invalid UTF-8 byte or sequence at line 510 replaced by U+FFFD.
Invalid UTF-8 byte or sequence at line 510 replaced by U+FFFD.
Invalid UTF-8 byte or sequence at line 511 replaced by U+FFFD.
Invalid UTF-8 byte or sequence at line 533 replaced by U+FFFD.
Invalid UTF-8 byte or sequence at line 533 replaced by U+FFFD.
Invalid UTF-8 byte or sequence at line 561 replaced by U+FFFD.
Invalid UTF-8 byte or sequence at line 561 replaced by U+FFFD.
Invalid UTF-8 byte or sequence at line 595 replaced by U+FFFD.
Invalid UTF-8 byte or sequence at line 611 replaced by U+FFFD.
Invalid UTF-8 byte or sequence at line 611 replaced by U+FFFD.
Invalid UTF-8 byte or sequence at line 651 replaced by U+FFFD.
Invalid UTF-8 byte or sequence at line 661 replaced by U+FFFD.
Invalid UTF-8 byte or sequence at line 661 replaced by U+FFFD.
Invalid UTF-8 byte or sequence at line 661 replaced by U+FFFD.
Invalid UTF-8 byte or sequence at line 667 replaced by U+FFFD.
Invalid UTF-8 byte or sequence at line 669 replaced by U+FFFD.
Invalid UTF-8 byte or sequence at line 669 replaced by U+FFFD.
Invalid UTF-8 byte or sequence at line 670 replaced by U+FFFD.
Invalid UTF-8 byte or sequence at line 670 replaced by U+FFFD.
Invalid UTF-8 byte or sequence at line 670 replaced by U+FFFD.
Invalid UTF-8 byte or sequence at line 683 replaced by U+FFFD.
Invalid UTF-8 byte or sequence at line 688 replaced by U+FFFD.
Invalid UTF-8 byte or sequence at line 689 replaced by U+FFFD.
Invalid UTF-8 byte or sequence at line 691 replaced by U+FFFD.
Invalid UTF-8 byte or sequence at line 723 replaced by U+FFFD.
Invalid UTF-8 byte or sequence at line 740 replaced by U+FFFD.
Invalid UTF-8 byte or sequence at line 757 replaced by U+FFFD.
Invalid UTF-8 byte or sequence at line 757 replaced by U+FFFD.
Invalid UTF-8 byte or sequence at line 758 replaced by U+FFFD.
Invalid UTF-8 byte or sequence at line 787 replaced by U+FFFD.
Invalid UTF-8 byte or sequence at line 787 replaced by U+FFFD.
Invalid UTF-8 byte or sequence at line 791 replaced by U+FFFD.
Invalid UTF-8 byte or sequence at line 791 replaced by U+FFFD.
Invalid UTF-8 byte or sequence at line 792 replaced by U+FFFD.
Invalid UTF-8 byte or sequence at line 798 replaced by U+FFFD.
Invalid UTF-8 byte or sequence at line 806 replaced by U+FFFD.
Invalid UTF-8 byte or sequence at line 806 replaced by U+FFFD.
Invalid UTF-8 byte or sequence at line 809 replaced by U+FFFD.
Invalid UTF-8 byte or sequence at line 811 replaced by U+FFFD.
Invalid UTF-8 byte or sequence at line 814 replaced by U+FFFD.
Invalid UTF-8 byte or sequence at line 814 replaced by U+FFFD.
Invalid UTF-8 byte or sequence at line 908 replaced by U+FFFD.
Invalid UTF-8 byte or sequence at line 908 replaced by U+FFFD.
Invalid UTF-8 byte or sequence at line 909 replaced by U+FFFD.
Invalid UTF-8 byte or sequence at line 936 replaced by U+FFFD.
Invalid UTF-8 byte or sequence at line 936 replaced by U+FFFD.
Invalid UTF-8 byte or sequence at line 972 replaced by U+FFFD.
Invalid UTF-8 byte or sequence at line 986 replaced by U+FFFD.
Invalid UTF-8 byte or sequence at line 1011 replaced by U+FFFD.
Invalid UTF-8 byte or sequence at line 1018 replaced by U+FFFD.
Invalid UTF-8 byte or sequence at line 1025 replaced by U+FFFD.
Invalid UTF-8 byte or sequence at line 1025 replaced by U+FFFD.
Invalid UTF-8 byte or sequence at line 1029 replaced by U+FFFD.
Invalid UTF-8 byte or sequence at line 1029 replaced by U+FFFD.
Invalid UTF-8 byte or sequence at line 1045 replaced by U+FFFD.
Invalid UTF-8 byte or sequence at line 1067 replaced by U+FFFD.
Invalid UTF-8 byte or sequence at line 1067 replaced by U+FFFD.
Invalid UTF-8 byte or sequence at line 1123 replaced by U+FFFD.
Invalid UTF-8 byte or sequence at line 1157 replaced by U+FFFD.
Invalid UTF-8 byte or sequence at line 1158 replaced by U+FFFD.
Invalid UTF-8 byte or sequence at line 1172 replaced by U+FFFD.
Invalid UTF-8 byte or sequence at line 1205 replaced by U+FFFD.
Invalid UTF-8 byte or sequence at line 1205 replaced by U+FFFD.
Invalid UTF-8 byte or sequence at line 1224 replaced by U+FFFD.
Invalid UTF-8 byte or sequence at line 1227 replaced by U+FFFD.
Invalid UTF-8 byte or sequence at line 1227 replaced by U+FFFD.
Invalid UTF-8 byte or sequence at line 1285 replaced by U+FFFD.
Invalid UTF-8 byte or sequence at line 1294 replaced by U+FFFD.
Invalid UTF-8 byte or sequence at line 1294 replaced by U+FFFD.
Invalid UTF-8 byte or sequence at line 1334 replaced by U+FFFD.
Invalid UTF-8 byte or sequence at line 1337 replaced by U+FFFD.
Invalid UTF-8 byte or sequence at line 1337 replaced by U+FFFD.
Invalid UTF-8 byte or sequence at line 1337 replaced by U+FFFD.
Invalid UTF-8 byte or sequence at line 1338 replaced by U+FFFD.
Invalid UTF-8 byte or sequence at line 1338 replaced by U+FFFD.
Invalid UTF-8 byte or sequence at line 1342 replaced by U+FFFD.
Invalid UTF-8 byte or sequence at line 1342 replaced by U+FFFD.
Invalid UTF-8 byte or sequence at line 1377 replaced by U+FFFD.
Invalid UTF-8 byte or sequence at line 1552 replaced by U+FFFD.
Invalid UTF-8 byte or sequence at line 1552 replaced by U+FFFD.
Invalid UTF-8 byte or sequence at line 1637 replaced by U+FFFD.
Invalid UTF-8 byte or sequence at line 1637 replaced by U+FFFD.
Invalid UTF-8 byte or sequence at line 1657 replaced by U+FFFD.
Invalid UTF-8 byte or sequence at line 1759 replaced by U+FFFD.
Invalid UTF-8 byte or sequence at line 1777 replaced by U+FFFD.
Invalid UTF-8 byte or sequence at line 1777 replaced by U+FFFD.
Invalid UTF-8 byte or sequence at line 1777 replaced by U+FFFD.
Invalid UTF-8 byte or sequence at line 1808 replaced by U+FFFD.
Invalid UTF-8 byte or sequence at line 1821 replaced by U+FFFD.
Invalid UTF-8 byte or sequence at line 1821 replaced by U+FFFD.
Invalid UTF-8 byte or sequence at line 1841 replaced by U+FFFD.
Invalid UTF-8 byte or sequence at line 1841 replaced by U+FFFD.
Invalid UTF-8 byte or sequence at line 1842 replaced by U+FFFD.
Invalid UTF-8 byte or sequence at line 1842 replaced by U+FFFD.
Invalid UTF-8 byte or sequence at line 1842 replaced by U+FFFD.
Invalid UTF-8 byte or sequence at line 1842 replaced by U+FFFD.
Invalid UTF-8 byte or sequence at line 1842 replaced by U+FFFD.
Invalid UTF-8 byte or sequence at line 1883 replaced by U+FFFD.
Invalid UTF-8 byte or sequence at line 1883 replaced by U+FFFD.
Invalid UTF-8 byte or sequence at line 1997 replaced by U+FFFD.
Invalid UTF-8 byte or sequence at line 2025 replaced by U+FFFD.
Invalid UTF-8 byte or sequence at line 2025 replaced by U+FFFD.
Invalid UTF-8 byte or sequence at line 2025 replaced by U+FFFD.
)
Package: chemfig 2019/02/23 v1.34 Draw molecule with an easy syntax (CT)
)
(d:/Program Files/texlive2018/texlive/2018/texmf-dist/tex/latex/float/float.sty
Package: float 2001/11/08 v1.3d Float enhancements (AL)
\c@float@type=\count295
\float@exts=\toks29
\float@box=\box69
\@float@everytoks=\toks30
\@floatcapt=\box70
)
(d:/Program Files/texlive2018/texlive/2018/texmf-dist/tex/latex/natbib/natbib.s
ty
Package: natbib 2010/09/13 8.31b (PWD, AO)
\bibhang=\skip62
\bibsep=\skip63
LaTeX Info: Redefining \cite on input line 694.
\c@NAT@ctr=\count296
) (d:/Program Files/texlive2018/texlive/2018/texmf-dist/tex/latex/url/url.sty
\Urlmuskip=\muskip17
Package: url 2013/09/16  ver 3.4  Verb mode for urls, etc.
)
(d:/Program Files/texlive2018/texlive/2018/texmf-dist/tex/latex/framed/framed.s
ty
Package: framed 2011/10/22 v 0.96: framed or shaded text with page breaks
\OuterFrameSep=\skip64
\fb@frw=\dimen286
\fb@frh=\dimen287
\FrameRule=\dimen288
\FrameSep=\dimen289
)
(d:/Program Files/texlive2018/texlive/2018/texmf-dist/tex/latex/setspace/setspa
ce.sty
Package: setspace 2011/12/19 v6.7a set line spacing
)
(d:/Program Files/texlive2018/texlive/2018/texmf-dist/tex/latex/tools/enumerate
.sty
Package: enumerate 2015/07/23 v3.00 enumerate extensions (DPC)
\@enLab=\toks31
)
(d:/Program Files/texlive2018/texlive/2018/texmf-dist/tex/latex/pdfpages/pdfpag
es.sty
Package: pdfpages 2017/10/31 v0.5l Insert pages of external PDF documents (AM)

(d:/Program Files/texlive2018/texlive/2018/texmf-dist/tex/latex/base/ifthen.sty
Package: ifthen 2014/09/29 v1.1c Standard LaTeX ifthen package (DPC)
)
(d:/Program Files/texlive2018/texlive/2018/texmf-dist/tex/latex/tools/calc.sty
Package: calc 2017/05/25 v4.3 Infix arithmetic (KKT,FJ)
\calc@Acount=\count297
\calc@Bcount=\count298
\calc@Adimen=\dimen290
\calc@Bdimen=\dimen291
\calc@Askip=\skip65
\calc@Bskip=\skip66
LaTeX Info: Redefining \setlength on input line 80.
LaTeX Info: Redefining \addtolength on input line 81.
\calc@Ccount=\count299
\calc@Cskip=\skip67
)
(d:/Program Files/texlive2018/texlive/2018/texmf-dist/tex/latex/eso-pic/eso-pic
.sty
Package: eso-pic 2018/04/12 v2.0h eso-pic (RN)

(d:/Program Files/texlive2018/texlive/2018/texmf-dist/tex/generic/oberdiek/atbe
gshi.sty
Package: atbegshi 2016/06/09 v1.18 At begin shipout hook (HO)

(d:/Program Files/texlive2018/texlive/2018/texmf-dist/tex/generic/oberdiek/infw
arerr.sty
Package: infwarerr 2016/05/16 v1.4 Providing info/warning/error messages (HO)
)
(d:/Program Files/texlive2018/texlive/2018/texmf-dist/tex/generic/oberdiek/ltxc
mds.sty
Package: ltxcmds 2016/05/16 v1.23 LaTeX kernel commands for general use (HO)
)
(d:/Program Files/texlive2018/texlive/2018/texmf-dist/tex/generic/oberdiek/ifpd
f.sty
Package: ifpdf 2018/09/07 v3.3 Provides the ifpdf switch
)))
\AM@pagewidth=\dimen292
\AM@pageheight=\dimen293

(d:/Program Files/texlive2018/texlive/2018/texmf-dist/tex/latex/pdfpages/ppxete
x.def
File: ppxetex.def 2017/10/31 v0.5l Pdfpages driver for XeTeX (AM)
)
\AM@pagebox=\box71
\AM@global@opts=\toks32
\AM@toc@title=\toks33
\c@AM@survey=\count300
\AM@templatesizebox=\box72
)
(d:/Program Files/texlive2018/texlive/2018/texmf-dist/tex/latex/threeparttable/
threeparttable.sty
Package: threeparttable 2003/06/13  v 3.0
\@tempboxb=\box73
)
(d:/Program Files/texlive2018/texlive/2018/texmf-dist/tex/latex/booktabs/bookta
bs.sty
Package: booktabs 2016/04/27 v1.618033 publication quality tables
\heavyrulewidth=\dimen294
\lightrulewidth=\dimen295
\cmidrulewidth=\dimen296
\belowrulesep=\dimen297
\belowbottomsep=\dimen298
\aboverulesep=\dimen299
\abovetopsep=\dimen300
\cmidrulesep=\dimen301
\cmidrulekern=\dimen302
\defaultaddspace=\dimen303
\@cmidla=\count301
\@cmidlb=\count302
\@aboverulesep=\dimen304
\@belowrulesep=\dimen305
\@thisruleclass=\count303
\@lastruleclass=\count304
\@thisrulewidth=\dimen306
)
(d:/Program Files/texlive2018/texlive/2018/texmf-dist/tex/latex/hyperref/hyperr
ef.sty
Package: hyperref 2018/11/30 v6.88e Hypertext links for LaTeX

(d:/Program Files/texlive2018/texlive/2018/texmf-dist/tex/generic/oberdiek/hobs
ub-hyperref.sty
Package: hobsub-hyperref 2016/05/16 v1.14 Bundle oberdiek, subset hyperref (HO)


(d:/Program Files/texlive2018/texlive/2018/texmf-dist/tex/generic/oberdiek/hobs
ub-generic.sty
Package: hobsub-generic 2016/05/16 v1.14 Bundle oberdiek, subset generic (HO)
Package: hobsub 2016/05/16 v1.14 Construct package bundles (HO)
Package hobsub Info: Skipping package `infwarerr' (already loaded).
Package hobsub Info: Skipping package `ltxcmds' (already loaded).
Package: ifluatex 2016/05/16 v1.4 Provides the ifluatex switch (HO)
Package ifluatex Info: LuaTeX not detected.
Package: ifvtex 2016/05/16 v1.6 Detect VTeX and its facilities (HO)
Package ifvtex Info: VTeX not detected.
Package: intcalc 2016/05/16 v1.2 Expandable calculations with integers (HO)
Package hobsub Info: Skipping package `ifpdf' (already loaded).
Package: etexcmds 2016/05/16 v1.6 Avoid name clashes with e-TeX commands (HO)
Package etexcmds Info: Could not find \expanded.
(etexcmds)             That can mean that you are not using pdfTeX 1.50 or
(etexcmds)             that some package has redefined \expanded.
(etexcmds)             In the latter case, load this package earlier.
Package: kvsetkeys 2016/05/16 v1.17 Key value parser (HO)
Package: kvdefinekeys 2016/05/16 v1.4 Define keys (HO)
Package: pdftexcmds 2018/09/10 v0.29 Utility functions of pdfTeX for LuaTeX (HO
)
Package pdftexcmds Info: LuaTeX not detected.
Package pdftexcmds Info: pdfTeX >= 1.30 not detected.
Package pdftexcmds Info: \pdf@primitive is available.
Package pdftexcmds Info: \pdf@ifprimitive is available.
Package pdftexcmds Info: \pdfdraftmode not found.
Package: pdfescape 2016/05/16 v1.14 Implements pdfTeX's escape features (HO)
Package: bigintcalc 2016/05/16 v1.4 Expandable calculations on big integers (HO
)
Package: bitset 2016/05/16 v1.2 Handle bit-vector datatype (HO)
Package: uniquecounter 2016/05/16 v1.3 Provide unlimited unique counter (HO)
)
Package hobsub Info: Skipping package `hobsub' (already loaded).
Package: letltxmacro 2016/05/16 v1.5 Let assignment for LaTeX macros (HO)
Package: hopatch 2016/05/16 v1.3 Wrapper for package hooks (HO)
Package: xcolor-patch 2016/05/16 xcolor patch
Package: atveryend 2016/05/16 v1.9 Hooks at the very end of document (HO)
Package atveryend Info: \enddocument detected (standard20110627).
Package hobsub Info: Skipping package `atbegshi' (already loaded).
Package: refcount 2016/05/16 v3.5 Data extraction from label references (HO)
Package: hycolor 2016/05/16 v1.8 Color options for hyperref/bookmark (HO)
)
(d:/Program Files/texlive2018/texlive/2018/texmf-dist/tex/generic/ifxetex/ifxet
ex.sty
Package: ifxetex 2010/09/12 v0.6 Provides ifxetex conditional
)
(d:/Program Files/texlive2018/texlive/2018/texmf-dist/tex/latex/oberdiek/auxhoo
k.sty
Package: auxhook 2016/05/16 v1.4 Hooks for auxiliary files (HO)
)
(d:/Program Files/texlive2018/texlive/2018/texmf-dist/tex/latex/oberdiek/kvopti
ons.sty
Package: kvoptions 2016/05/16 v3.12 Key value format for package options (HO)
)
\@linkdim=\dimen307
\Hy@linkcounter=\count305
\Hy@pagecounter=\count306

(d:/Program Files/texlive2018/texlive/2018/texmf-dist/tex/latex/hyperref/pd1enc
.def
File: pd1enc.def 2018/11/30 v6.88e Hyperref: PDFDocEncoding definition (HO)
)
\Hy@SavedSpaceFactor=\count307

(d:/Program Files/texlive2018/texlive/2018/texmf-dist/tex/latex/latexconfig/hyp
erref.cfg
File: hyperref.cfg 2002/06/06 v1.2 hyperref configuration of TeXLive
)
Package hyperref Info: Option `unicode' set `true' on input line 4393.

(d:/Program Files/texlive2018/texlive/2018/texmf-dist/tex/latex/hyperref/puenc.
def
File: puenc.def 2018/11/30 v6.88e Hyperref: PDF Unicode definition (HO)
)
Package hyperref Info: Hyper figures OFF on input line 4519.
Package hyperref Info: Link nesting OFF on input line 4524.
Package hyperref Info: Hyper index ON on input line 4527.
Package hyperref Info: Plain pages OFF on input line 4534.
Package hyperref Info: Backreferencing OFF on input line 4539.
Package hyperref Info: Implicit mode ON; LaTeX internals redefined.
Package hyperref Info: Bookmarks ON on input line 4772.
\c@Hy@tempcnt=\count308
LaTeX Info: Redefining \url on input line 5125.
\XeTeXLinkMargin=\dimen308
\Fld@menulength=\count309
\Field@Width=\dimen309
\Fld@charsize=\dimen310
Package hyperref Info: Hyper figures OFF on input line 6380.
Package hyperref Info: Link nesting OFF on input line 6385.
Package hyperref Info: Hyper index ON on input line 6388.
Package hyperref Info: backreferencing OFF on input line 6395.
Package hyperref Info: Link coloring OFF on input line 6400.
Package hyperref Info: Link coloring with OCG OFF on input line 6405.
Package hyperref Info: PDF/A mode OFF on input line 6410.
LaTeX Info: Redefining \ref on input line 6450.
LaTeX Info: Redefining \pageref on input line 6454.
\Hy@abspage=\count310
\c@Item=\count311
\c@Hfootnote=\count312
)
Package hyperref Info: Driver (autodetected): hxetex.

(d:/Program Files/texlive2018/texlive/2018/texmf-dist/tex/latex/hyperref/hxetex
.def
File: hxetex.def 2018/11/30 v6.88e Hyperref driver for XeTeX

(d:/Program Files/texlive2018/texlive/2018/texmf-dist/tex/generic/oberdiek/stri
ngenc.sty
Package: stringenc 2016/05/16 v1.11 Convert strings between diff. encodings (HO
)
)
\pdfm@box=\box74
\c@Hy@AnnotLevel=\count313
\HyField@AnnotCount=\count314
\Fld@listcount=\count315
\c@bookmark@seq@number=\count316

(d:/Program Files/texlive2018/texlive/2018/texmf-dist/tex/latex/oberdiek/rerunf
ilecheck.sty
Package: rerunfilecheck 2016/05/16 v1.8 Rerun checks for auxiliary files (HO)
Package uniquecounter Info: New unique counter `rerunfilecheck' on input line 2
82.
)
\Hy@SectionHShift=\skip68
)
(d:/Program Files/texlive2018/texlive/2018/texmf-dist/tex/latex/hyperxmp/hyperx
mp.sty
Package: hyperxmp 2019/02/25 v3.5a Store hyperref metadata in XMP format

(d:/Program Files/texlive2018/texlive/2018/texmf-dist/tex/latex/oberdiek/atendd
vi.sty
Package: atenddvi 2016/05/16 v1.2 At end DVI hook (HO)

(d:/Program Files/texlive2018/texlive/2018/texmf-dist/tex/latex/oberdiek/zref-a
bspage.sty
Package: zref-abspage 2018/11/21 v2.27 Module abspage for zref (HO)

(d:/Program Files/texlive2018/texlive/2018/texmf-dist/tex/latex/oberdiek/zref-b
ase.sty
Package: zref-base 2018/11/21 v2.27 Module base for zref (HO)
Package zref Info: New property list: main on input line 759.
Package zref Info: New property: default on input line 760.
Package zref Info: New property: page on input line 761.
)
\c@abspage=\count317
Package zref Info: New property: abspage on input line 62.
)
(d:/Program Files/texlive2018/texlive/2018/texmf-dist/tex/latex/oberdiek/zref-l
astpage.sty
Package: zref-lastpage 2018/11/21 v2.27 Module lastpage for zref (HO)
Package zref Info: New property list: LastPage on input line 55.
))
(d:/Program Files/texlive2018/texlive/2018/texmf-dist/tex/latex/ifmtarg/ifmtarg
.sty
Package: ifmtarg 2018/04/16 v1.2b check for an empty argument
))
(d:/Program Files/texlive2018/texlive/2018/texmf-dist/tex/latex/minipage-margin
par/minipage-marginpar.sty
Invalid UTF-8 byte or sequence at line 19 replaced by U+FFFD.
Invalid UTF-8 byte or sequence at line 26 replaced by U+FFFD.
Invalid UTF-8 byte or sequence at line 30 replaced by U+FFFD.
Invalid UTF-8 byte or sequence at line 30 replaced by U+FFFD.
Invalid UTF-8 byte or sequence at line 31 replaced by U+FFFD.
Invalid UTF-8 byte or sequence at line 32 replaced by U+FFFD.
Package: minipage-marginpar 2008/04/07 v0.3 Randnotizen auch in Minipages (PE)
)
(d:/Program Files/texlive2018/texlive/2018/texmf-dist/tex/latex/subfigure/subfi
gure.sty
Package: subfigure 2002/03/15 v2.1.5 subfigure package
\subfigtopskip=\skip69
\subfigcapskip=\skip70
\subfigcaptopadj=\dimen311
\subfigbottomskip=\skip71
\subfigcapmargin=\dimen312
\subfiglabelskip=\skip72
\c@subfigure=\count318
\c@lofdepth=\count319
\c@subtable=\count320
\c@lotdepth=\count321

****************************************
* Local config file subfigure.cfg used *
****************************************

(d:/Program Files/texlive2018/texlive/2018/texmf-dist/tex/latex/subfigure/subfi
gure.cfg)
\subfig@top=\skip73
\subfig@bottom=\skip74
) (./printable.aux)
\openout1 = `printable.aux'.

LaTeX Font Info:    Checking defaults for OML/cmm/m/it on input line 46.
LaTeX Font Info:    ... okay on input line 46.
LaTeX Font Info:    Checking defaults for T1/cmr/m/n on input line 46.
LaTeX Font Info:    ... okay on input line 46.
LaTeX Font Info:    Checking defaults for OT1/cmr/m/n on input line 46.
LaTeX Font Info:    ... okay on input line 46.
LaTeX Font Info:    Checking defaults for OMS/cmsy/m/n on input line 46.
LaTeX Font Info:    ... okay on input line 46.
LaTeX Font Info:    Checking defaults for TU/lmr/m/n on input line 46.
LaTeX Font Info:    ... okay on input line 46.
LaTeX Font Info:    Checking defaults for OMX/cmex/m/n on input line 46.
LaTeX Font Info:    ... okay on input line 46.
LaTeX Font Info:    Checking defaults for U/cmr/m/n on input line 46.
LaTeX Font Info:    ... okay on input line 46.
LaTeX Font Info:    Checking defaults for TS1/cmr/m/n on input line 46.
LaTeX Font Info:    ... okay on input line 46.
LaTeX Font Info:    Checking defaults for PD1/pdf/m/n on input line 46.
LaTeX Font Info:    ... okay on input line 46.
LaTeX Font Info:    Checking defaults for PU/pdf/m/n on input line 46.
LaTeX Font Info:    ... okay on input line 46.
 ABD: EverySelectfont initializing macros
LaTeX Info: Redefining \selectfont on input line 46.

Package fontspec Info: Adjusting the maths setup (use [no-math] to avoid
(fontspec)             this).

\symlegacymaths=\mathgroup4
LaTeX Font Info:    Overwriting symbol font `legacymaths' in version `bold'
(Font)                  OT1/cmr/m/n --> OT1/cmr/bx/n on input line 46.
LaTeX Font Info:    Redeclaring math accent \acute on input line 46.
LaTeX Font Info:    Redeclaring math accent \grave on input line 46.
LaTeX Font Info:    Redeclaring math accent \ddot on input line 46.
LaTeX Font Info:    Redeclaring math accent \tilde on input line 46.
LaTeX Font Info:    Redeclaring math accent \bar on input line 46.
LaTeX Font Info:    Redeclaring math accent \breve on input line 46.
LaTeX Font Info:    Redeclaring math accent \check on input line 46.
LaTeX Font Info:    Redeclaring math accent \hat on input line 46.
LaTeX Font Info:    Redeclaring math accent \dot on input line 46.
LaTeX Font Info:    Redeclaring math accent \mathring on input line 46.
LaTeX Font Info:    Redeclaring math symbol \colon on input line 46.
LaTeX Font Info:    Redeclaring math symbol \Gamma on input line 46.
LaTeX Font Info:    Redeclaring math symbol \Delta on input line 46.
LaTeX Font Info:    Redeclaring math symbol \Theta on input line 46.
LaTeX Font Info:    Redeclaring math symbol \Lambda on input line 46.
LaTeX Font Info:    Redeclaring math symbol \Xi on input line 46.
LaTeX Font Info:    Redeclaring math symbol \Pi on input line 46.
LaTeX Font Info:    Redeclaring math symbol \Sigma on input line 46.
LaTeX Font Info:    Redeclaring math symbol \Upsilon on input line 46.
LaTeX Font Info:    Redeclaring math symbol \Phi on input line 46.
LaTeX Font Info:    Redeclaring math symbol \Psi on input line 46.
LaTeX Font Info:    Redeclaring math symbol \Omega on input line 46.
LaTeX Font Info:    Redeclaring math symbol \mathdollar on input line 46.
LaTeX Font Info:    Redeclaring symbol font `operators' on input line 46.
LaTeX Font Info:    Encoding `OT1' has changed to `TU' for symbol font
(Font)              `operators' in the math version `normal' on input line 46.
LaTeX Font Info:    Overwriting symbol font `operators' in version `normal'
(Font)                  OT1/cmr/m/n --> TU/lmr/m/n on input line 46.
LaTeX Font Info:    Encoding `OT1' has changed to `TU' for symbol font
(Font)              `operators' in the math version `bold' on input line 46.
LaTeX Font Info:    Overwriting symbol font `operators' in version `bold'
(Font)                  OT1/cmr/bx/n --> TU/lmr/m/n on input line 46.
LaTeX Font Info:    Overwriting symbol font `operators' in version `normal'
(Font)                  TU/lmr/m/n --> TU/lmr/m/n on input line 46.
LaTeX Font Info:    Overwriting math alphabet `\mathit' in version `normal'
(Font)                  OT1/cmr/m/it --> TU/lmr/m/it on input line 46.
LaTeX Font Info:    Overwriting math alphabet `\mathbf' in version `normal'
(Font)                  OT1/cmr/bx/n --> TU/lmr/bx/n on input line 46.
LaTeX Font Info:    Overwriting math alphabet `\mathsf' in version `normal'
(Font)                  OT1/cmss/m/n --> TU/lmss/m/n on input line 46.
LaTeX Font Info:    Overwriting math alphabet `\mathtt' in version `normal'
(Font)                  OT1/cmtt/m/n --> TU/lmtt/m/n on input line 46.
LaTeX Font Info:    Overwriting symbol font `operators' in version `bold'
(Font)                  TU/lmr/m/n --> TU/lmr/bx/n on input line 46.
LaTeX Font Info:    Overwriting math alphabet `\mathit' in version `bold'
(Font)                  OT1/cmr/bx/it --> TU/lmr/bx/it on input line 46.
LaTeX Font Info:    Overwriting math alphabet `\mathsf' in version `bold'
(Font)                  OT1/cmss/bx/n --> TU/lmss/bx/n on input line 46.
LaTeX Font Info:    Overwriting math alphabet `\mathtt' in version `bold'
(Font)                  OT1/cmtt/m/n --> TU/lmtt/bx/n on input line 46.

ABD: EveryShipout initializing macros
\AtBeginShipoutBox=\box75

(d:/Program Files/texlive2018/texlive/2018/texmf-dist/tex/latex/oberdiek/pdflsc
ape.sty
Package: pdflscape 2016/05/14 v0.11 Display of landscape pages in PDF (HO)

(d:/Program Files/texlive2018/texlive/2018/texmf-dist/tex/latex/graphics/lscape
.sty
Package: lscape 2000/10/22 v3.01 Landscape Pages (DPC)
)
Package pdflscape Info: Auto-detected driver: dvipdfm (xetex) on input line 99.

)
Package hyperref Info: Link coloring OFF on input line 46.

(d:/Program Files/texlive2018/texlive/2018/texmf-dist/tex/latex/hyperref/namere
f.sty
Package: nameref 2016/05/21 v2.44 Cross-referencing by name of section

(d:/Program Files/texlive2018/texlive/2018/texmf-dist/tex/generic/oberdiek/gett
itlestring.sty
Package: gettitlestring 2016/05/16 v1.5 Cleanup title references (HO)
)
\c@section@level=\count322
)
LaTeX Info: Redefining \ref on input line 46.
LaTeX Info: Redefining \pageref on input line 46.
LaTeX Info: Redefining \nameref on input line 46.
 (./printable.out) (./printable.out)
\@outlinefile=\write4
\openout4 = `printable.out'.


(d:/Program Files/texlive2018/texlive/2018/texmf-dist/tex/generic/oberdiek/se-p
dfdoc.def
File: se-pdfdoc.def 2016/05/16 v1.11 stringenc: PDFDocEncoding
)
(d:/Program Files/texlive2018/texlive/2018/texmf-dist/tex/generic/oberdiek/se-u
tf32be.def
File: se-utf32be.def 2016/05/16 v1.11 stringenc: UTF-32BE
)
File: fig/cover4.pdf Graphic file (type pdf)
<use fig/cover4.pdf>
File: fig/cover4.pdf Graphic file (type pdf)
<use fig/cover4.pdf>
File: fig/cover4.pdf Graphic file (type pdf)
<use fig/cover4.pdf, page 1>
File: fig/cover4.pdf Graphic file (type pdf)
<use fig/cover4.pdf, page 1>
File: fig/cover4.pdf Graphic file (type pdf)
<use fig/cover4.pdf, page 1>
File: fig/cover4.pdf Graphic file (type pdf)
<use fig/cover4.pdf, page 1>
File: fig/cover4.pdf Graphic file (type pdf)
<use fig/cover4.pdf, page 1>
 [1



] [2

] [3]
LaTeX Font Info:    Font shape `TU/SimSun(0)/m/sl' in size <10.53937> not avail
able
(Font)              Font shape `TU/SimSun(0)/m/it' tried instead on input line 
64.
 [4

] (./printable.toc
LaTeX Font Info:    External font `cmex10' loaded for size
(Font)              <10.53937> on input line 4.
LaTeX Font Info:    External font `cmex10' loaded for size
(Font)              <7> on input line 4.
LaTeX Font Info:    External font `cmex10' loaded for size
(Font)              <5> on input line 4.
 [5])
\tf@toc=\write5
\openout5 = `printable.toc'.

 [6]


Underfull \hbox (badness 4739) in paragraph at lines 77--77
[]\TU/SimSun(0)/m/n/10.53937  \TU/lmr/m/n/10.53937 1.1: []2008-2018 \TU/SimSun
(0)/m/n/10.53937  \TU/lmr/m/n/10.53937 FDA \TU/SimSun(0)/m/n/10.53937     

 []

[1



]
File: fig/fig1.eps Graphic file (type eps)
<fig/fig1.eps>
File: fig/fig2-2deng.eps Graphic file (type eps)
<fig/fig2-2deng.eps>
File: fig/fig3-2deng.eps Graphic file (type eps)
<fig/fig3-2deng.eps>

Underfull \vbox (badness 10000) has occurred while \output is active []

 [2]
[3

] [4

]


Underfull \vbox (badness 10000) has occurred while \output is active []

 [5]
Underfull \hbox (badness 1028) in paragraph at lines 147--148
[]\TU/SimSun(0)/m/n/10.53937            |\TU/lmr/m/n/10.53937 Making
 Better
 []

[6] [7

] [8

]

[9]
Invalid UTF-8 byte or sequence at line 187 replaced by U+FFFD.
Invalid UTF-8 byte or sequence at line 187 replaced by U+FFFD.
Invalid UTF-8 byte or sequence at line 187 replaced by U+FFFD.
Invalid UTF-8 byte or sequence at line 187 replaced by U+FFFD.
Invalid UTF-8 byte or sequence at line 187 replaced by U+FFFD.
Invalid UTF-8 byte or sequence at line 187 replaced by U+FFFD.
Invalid UTF-8 byte or sequence at line 187 replaced by U+FFFD.
File: fig/flow1.eps Graphic file (type eps)
<fig/flow1.eps>

Underfull \vbox (badness 10000) has occurred while \output is active []

 [10]
[11] [12]
File: fig/fig4.eps Graphic file (type eps)
<fig/fig4.eps>

Underfull \vbox (badness 10000) has occurred while \output is active []

 [13]
File: fig/fig5.png Graphic file (type bmp)
<fig/fig5.png>
File: fig/fig6.png Graphic file (type bmp)
<fig/fig6.png>

[14]
Underfull \vbox (badness 10000) has occurred while \output is active []

File: fig/fig7.png Graphic file (type bmp)
<fig/fig7.png>
 [15]
[16] [17]
Underfull \vbox (badness 10000) has occurred while \output is active []

 [18]
[19

] [20


] (./printable.bbl
Underfull \hbox (badness 1275) in paragraph at lines 67--71
[]\TU/SimSun(0)/m/n/10.53937        \TU/lmr/m/n/10.53937 (2017).  2017 \
TU/SimSun(0)/m/n/10.53937                       \TU/lmr/
m/n/10.53937 .
 []

[21

]
Underfull \hbox (badness 10000) in paragraph at lines 73--76
[]\TU/SimSun(0)/m/n/10.53937        \TU/lmr/m/n/10.53937 (2018a).  2017 
\TU/SimSun(0)/m/n/10.53937              \TU/lmr/m/n/10.53937 .
 []


Underfull \hbox (badness 10000) in paragraph at lines 78--81
[]\TU/SimSun(0)/m/n/10.53937        \TU/lmr/m/n/10.53937 (2018b).  2018 
\TU/SimSun(0)/m/n/10.53937    \TU/lmr/m/n/10.53937 cmo/cdmo \TU/SimSun(0)/m/
n/10.53937        \TU/lmr/m/n/10.53937 .
 []


Underfull \hbox (badness 5388) in paragraph at lines 83--86
[]\TU/SimSun(0)/m/n/10.53937        \TU/lmr/m/n/10.53937 (2018c).  2018 
\TU/SimSun(0)/m/n/10.53937                   \TU/lmr/m/n/10.
53937 .
 []

[22]) [23] [24

] (./data/afterword.tex [25] [26] [27] [28]) [29] [30

] [31]
[32] [33] [34] [35] (./data/pics.tex
File: fig/image1.jpg Graphic file (type bmp)
<fig/image1.jpg>
File: fig/image2.jpg Graphic file (type bmp)
<fig/image2.jpg>
File: fig/image3.jpg Graphic file (type bmp)
<fig/image3.jpg>
File: fig/image4.jpg Graphic file (type bmp)
<fig/image4.jpg>
File: fig/image5.jpg Graphic file (type bmp)
<fig/image5.jpg>
File: fig/image6.jpg Graphic file (type bmp)
<fig/image6.jpg>
File: fig/image7.jpg Graphic file (type bmp)
<fig/image7.jpg>
File: fig/image8.jpg Graphic file (type bmp)
<fig/image8.jpg>
File: fig/image9.jpg Graphic file (type bmp)
<fig/image9.jpg>
File: fig/image10.jpg Graphic file (type bmp)
<fig/image10.jpg>
File: fig/image11.jpg Graphic file (type bmp)
<fig/image11.jpg>
File: fig/image12.jpg Graphic file (type bmp)
<fig/image12.jpg>
) [36] [37] [38] [39] [40]
Package atenddvi Info: Last page = 47.
 [41]
Package atveryend Info: Empty hook `BeforeClearDocument' on input line 480.
Package atveryend Info: Executing hook `AfterLastShipout' on input line 480.

(./printable.aux)
Package atveryend Info: Empty hook `AtVeryEndDocument' on input line 480.
Package atveryend Info: Executing hook `AtEndAfterFileList' on input line 480.
Package rerunfilecheck Info: File `printable.out' has not changed.
(rerunfilecheck)             Checksum: 8F9ED21049AE5E9A4B349832B5B323D8.
Package atveryend Info: Empty hook `AtVeryVeryEnd' on input line 480.
 ) 
Here is how much of TeX's memory you used:
 37120 strings out of 492933
 794423 string characters out of 6125513
 840628 words of memory out of 5000000
 40603 multiletter control sequences out of 15000+600000
 533960 words of font info for 59 fonts, out of 8000000 for 9000
 1348 hyphenation exceptions out of 8191
 62i,18n,68p,757b,33192s stack positions out of 5000i,500n,10000p,200000b,80000s

Output written on printable.pdf (47 pages).
